This is pdfTeX, Version 3.14159265-2.6-1.40.21 (TeX Live 2020/W32TeX) (preloaded format=pdflatex 2020.4.26)  4 MAY 2020 07:50
entering extended mode
 restricted \write18 enabled.
 %&-line parsing enabled.
**thesis.tex
(./thesis.tex
LaTeX2e <2020-02-02> patch level 5
L3 programming layer <2020-04-06>
(c:/Users/lfpdr/AppData/Roaming/TinyTeX/texmf-dist/tex/latex/abntex2/abntex2.cl
s
Document Class: abntex2 2018/11/24 v-1.9.7 abnTeX2
(c:/Users/lfpdr/AppData/Roaming/TinyTeX/texmf-dist/tex/latex/base/ifthen.sty
Package: ifthen 2014/09/29 v1.1c Standard LaTeX ifthen package (DPC)
) (c:/Users/lfpdr/AppData/Roaming/TinyTeX/texmf-dist/tex/latex/memoir/memoir.cl
s
Document Class: memoir 2020/03/25 v3.7k configurable book, report, article docu
ment class
\onelineskip=\skip47
\lxvchars=\skip48
\xlvchars=\skip49
\@memcnta=\count167
\c@@memmarkcntra=\count168
LaTeX Info: Redefining \InputIfFileExists on input line 140.
(c:/Users/lfpdr/AppData/Roaming/TinyTeX/texmf-dist/tex/generic/iftex/iftex.sty
Package: iftex 2020/03/06 v1.0d TeX engine tests
)
\stockheight=\skip50
\stockwidth=\skip51
\trimtop=\skip52
\trimedge=\skip53
(c:/Users/lfpdr/AppData/Roaming/TinyTeX/texmf-dist/tex/latex/memoir/mem12.clo
File: mem12.clo 2010/10/19 v0.4b memoir class 12pt size option
)
\binding=\skip54
\spinemargin=\skip55
\foremargin=\skip56
\uppermargin=\skip57
\lowermargin=\skip58
\headdrop=\skip59
\normalrulethickness=\skip60
\mem@maxheadheight=\skip61
\mem@maxfootheight=\skip62
\headwidth=\skip63
\c@storedpagenumber=\count169
\memPD=\dimen134
\m@mabparskip=\skip64
\thanksmarkwidth=\skip65
\thanksmarksep=\skip66
\droptitle=\skip67
\c@book=\count170
\c@part=\count171
\c@chapter=\count172
\c@section=\count173
\c@subsection=\count174
\c@subsubsection=\count175
\c@paragraph=\count176
\c@subparagraph=\count177
\beforechapskip=\skip68
\midchapskip=\skip69
\afterchapskip=\skip70
\chapindent=\skip71
\bottomsectionskip=\skip72
\secindent=\skip73
\beforesecskip=\skip74
\aftersecskip=\skip75
\subsecindent=\skip76
\beforesubsecskip=\skip77
\aftersubsecskip=\skip78
\subsubsecindent=\skip79
\beforesubsubsecskip=\skip80
\aftersubsubsecskip=\skip81
\paraindent=\skip82
\beforeparaskip=\skip83
\afterparaskip=\skip84
\subparaindent=\skip85
\beforesubparaskip=\skip86
\aftersubparaskip=\skip87
\pfbreakskip=\skip88
\c@@ppsavesec=\count178
\c@@ppsaveapp=\count179
\ragrparindent=\dimen135
\everylistparindent=\dimen136
\parsepi=\skip89
\topsepi=\skip90
\itemsepi=\skip91
\parsepii=\skip92
\topsepii=\skip93
\topsepiii=\skip94
\itemsepii=\skip95
\itemsepiii=\skip96
\partopsepii=\skip97
\partopsepiii=\skip98
\m@msavetopsep=\skip99
\m@msavepartopsep=\skip100
\@enLab=\toks15
\abstitleskip=\skip101
\absleftindent=\skip102
\abs@leftindent=\dimen137
\absrightindent=\skip103
\absparindent=\skip104
\absparsep=\skip105
\c@vslineno=\count180
\c@poemline=\count181
\c@modulo@vs=\count182
\c@memfvsline=\count183
\vleftskip=\skip106
\vrightskip=\skip107
\stanzaskip=\skip108
\versewidth=\skip109
\vgap=\skip110
\vindent=\skip111
\vleftmargin=\dimen138
\c@verse=\count184
\c@chrsinstr=\count185
\beforepoemtitleskip=\skip112
\afterpoemtitleskip=\skip113
\c@poem=\count186
\beforePoemTitleskip=\skip114
\midPoemTitleskip=\skip115
\afterPoemTitleskip=\skip116
(c:/Users/lfpdr/AppData/Roaming/TinyTeX/texmf-dist/tex/latex/tools/array.sty
Package: array 2019/08/31 v2.4l Tabular extension package (FMi)
\col@sep=\dimen139
\ar@mcellbox=\box45
\extrarowheight=\dimen140
\NC@list=\toks16
\extratabsurround=\skip117
\backup@length=\skip118
\ar@cellbox=\box46
) (c:/Users/lfpdr/AppData/Roaming/TinyTeX/texmf-dist/tex/latex/tools/dcolumn.st
y
Package: dcolumn 2014/10/28 v1.06 decimal alignment package (DPC)
)
(c:/Users/lfpdr/AppData/Roaming/TinyTeX/texmf-dist/tex/latex/tools/delarray.sty
Package: delarray 2014/10/28 v1.01 array delimiter package (DPC)
)
(c:/Users/lfpdr/AppData/Roaming/TinyTeX/texmf-dist/tex/latex/tools/tabularx.sty
Package: tabularx 2020/01/15 v2.11c `tabularx' package (DPC)
\TX@col@width=\dimen141
\TX@old@table=\dimen142
\TX@old@col=\dimen143
\TX@target=\dimen144
\TX@delta=\dimen145
\TX@cols=\count187
\TX@ftn=\toks17
)
\heavyrulewidth=\dimen146
\lightrulewidth=\dimen147
\cmidrulewidth=\dimen148
\belowrulesep=\dimen149
\belowbottomsep=\dimen150
\aboverulesep=\dimen151
\abovetopsep=\dimen152
\cmidrulesep=\dimen153
\cmidrulekern=\dimen154
\defaultaddspace=\dimen155
\@cmidla=\count188
\@cmidlb=\count189
\@aboverulesep=\dimen156
\@belowrulesep=\dimen157
\@thisruleclass=\count190
\@lastruleclass=\count191
\@thisrulewidth=\dimen158
\ctableftskip=\skip119
\ctabrightskip=\skip120
\abovecolumnspenalty=\count192
\@linestogo=\count193
\@cellstogo=\count194
\@cellsincolumn=\count195
\crtok=\toks18
\@mincolumnwidth=\dimen159
\c@newflo@tctr=\count196
\mem@margin@floatbox=\box47
\@contcwidth=\skip121
\@contindw=\skip122
\abovecaptionskip=\skip123
\belowcaptionskip=\skip124
\subfloattopskip=\skip125
\subfloatcapskip=\skip126
\subfloatcaptopadj=\skip127
\subfloatbottomskip=\skip128
\subfloatlabelskip=\skip129
\subfloatcapmargin=\dimen160
\c@@contsubnum=\count197
\m@mscap@capbox=\box48
\m@mscap@fbox=\box49
\sidecapsep=\dimen161
\sidecapwidth=\dimen162
\m@m@tempdima=\dimen163
\m@mscapraise=\dimen164
\sidecapraise=\dimen165
\m@mscapmainwidth=\dimen166
\m@mscaplkern=\dimen167
\beforeepigraphskip=\skip130
\afterepigraphskip=\skip131
\epigraphwidth=\skip132
\epigraphrule=\skip133
LaTeX Info: Redefining \em on input line 7664.
LaTeX Info: Redefining \emph on input line 7672.
\tocentryskip=\skip134
\tocbaseline=\skip135
\cftparskip=\skip136
\cftbeforebookskip=\skip137
\cftbookindent=\dimen168
\cftbooknumwidth=\dimen169
\cftbeforepartskip=\skip138
\cftpartindent=\skip139
\cftpartnumwidth=\skip140
\cftbeforechapterskip=\skip141
\cftchapterindent=\skip142
\cftchapternumwidth=\skip143
\cftbeforesectionskip=\skip144
\cftsectionindent=\skip145
\cftsectionnumwidth=\skip146
\cftbeforesubsectionskip=\skip147
\cftsubsectionindent=\skip148
\cftsubsectionnumwidth=\skip149
\cftbeforesubsubsectionskip=\skip150
\cftsubsubsectionindent=\skip151
\cftsubsubsectionnumwidth=\skip152
\cftbeforeparagraphskip=\skip153
\cftparagraphindent=\skip154
\cftparagraphnumwidth=\skip155
\cftbeforesubparagraphskip=\skip156
\cftsubparagraphindent=\skip157
\cftsubparagraphnumwidth=\skip158
\prechapterprecisshift=\dimen170
\c@maxsecnumdepth=\count198
\bibindent=\dimen171
\bibitemsep=\skip159
\indexcolsep=\skip160
\indexrule=\skip161
\indexmarkstyle=\toks19
\@indexbox=\insert199
\glossarycolsep=\dimen172
\glossaryrule=\dimen173
\sideparvshift=\skip162
\sideins=\insert252
\sidebartopsep=\skip163
\sidebarhsep=\skip164
\sidebarvsep=\skip165
\sidebarwidth=\skip166
\footmarkwidth=\skip167
\footmarksep=\skip168
\footparindent=\skip169
\footinsdim=\skip170
\footinsv@r=\insert251
\@mpfootinsv@r=\insert250
\m@m@k=\count266
\m@m@h=\dimen174
\m@mipn@skip=\skip171
\sidefootins=\insert249
\sidefootadjust=\skip172
\sidefootheight=\skip173
\sidefoothsep=\skip174
\sidefootvsep=\skip175
\sidefootwidth=\skip176
\m@mdownsf=\skip177
\c@sidefootnote=\count267
\sidefootmarkwidth=\skip178
\sidefootmarksep=\skip179
\sidefootparindent=\skip180
\c@pagenote=\count268
\c@pagenoteshadow=\count269
\mem@pn@lastkern=\skip181
\every@verbatim=\toks20
\afterevery@verbatim=\toks21
\verbatim@line=\toks22
\tab@position=\count270
\verbatim@in@stream=\read2
\verbatimindent=\skip182
\verbatim@out=\write3
\bvboxsep=\skip183
\c@memfbvline=\count271
\c@bvlinectr=\count272
\bvnumlength=\skip184
\fb@frw=\dimen175
\fb@frh=\dimen176
\FrameRule=\dimen177
\FrameSep=\dimen178
\c@cp@cntr=\count273
LaTeX Info: Redefining \: on input line 12191.
LaTeX Info: Redefining \! on input line 12193.
\c@ism@mctr=\count274
\c@xsm@mctr=\count275
\c@csm@mctr=\count276
\c@ksm@mctr=\count277
\c@xksm@mctr=\count278
\c@cksm@mctr=\count279
\c@msm@mctr=\count280
\c@xmsm@mctr=\count281
\c@cmsm@mctr=\count282
\c@bsm@mctr=\count283
\c@workm@mctr=\count284
\c@sheetsequence=\count285
\c@lastsheet=\count286
\c@lastpage=\count287

(c:/Users/lfpdr/AppData/Roaming/TinyTeX/texmf-dist/tex/latex/textcase/textcase.
sty
Package: textcase 2019/09/14 v1.00 Text only upper/lower case changing (DPC)
)
\c@figure=\count288
\c@lofdepth=\count289
\cftbeforefigureskip=\skip185
\cftfigureindent=\skip186
\cftfigurenumwidth=\skip187
\c@table=\count290
\c@lotdepth=\count291
\cftbeforetableskip=\skip188
\cfttableindent=\skip189
\cfttablenumwidth=\skip190
Package abstract [2008/07/23] emulated by memoir.
Package appendix [2008/07/23] emulated by memoir.
Package booktabs [2016/05/16] emulated by memoir.
Package ccaption [2008/07/23] emulated by memoir.
Package changepage [2008/07/23] emulated by memoir.
Package chngcntr [2008/07/23] emulated by memoir.
Package chngpage [2008/07/23] emulated by memoir.
Package crop emulated by memoir.
Package enumerate [2008/07/23] emulated by memoir.
Package epigraph [2008/07/23] emulated by memoir.
Package ifmtarg [2008/07/23] emulated by memoir.
Package index [2008/07/23] emulated by memoir.
Package makeidx [2008/07/23] emulated by memoir.
Package moreverb [2008/07/23] emulated by memoir.
Package mparhack [2008/07/23] emulated by memoir.
Package needspace [2008/07/23] emulated by memoir.
Package newfile [2008/07/23] emulated by memoir.
Package nextpage [2008/07/23] emulated by memoir.
Package pagenote [2008/07/23] emulated by memoir.
Package parskip [2008/07/23] emulated by memoir.
Package patchcmd [2008/07/23] emulated by memoir.
Package setspace [2008/07/23] emulated by memoir.
Package shortvrb [2008/07/23] emulated by memoir.
Package showidx [2008/07/23] emulated by memoir.
Package titleref [2008/07/23] emulated by memoir.
Package titling [2008/07/23] emulated by memoir.
Package tocbibind [2008/07/23] emulated by memoir.
Package tocloft [2008/07/23] emulated by memoir.
Package tocvsec2 [2008/07/23] emulated by memoir.
Package verbatim [2008/07/23] emulated by memoir.
Package verse [2008/07/23] emulated by memoir.
)
(c:/Users/lfpdr/AppData/Roaming/TinyTeX/texmf-dist/tex/latex/hyperref/hyperref.
sty
Package: hyperref 2020/01/14 v7.00d Hypertext links for LaTeX

(c:/Users/lfpdr/AppData/Roaming/TinyTeX/texmf-dist/tex/generic/ltxcmds/ltxcmds.
sty
Package: ltxcmds 2019/12/15 v1.24 LaTeX kernel commands for general use (HO)
)
(c:/Users/lfpdr/AppData/Roaming/TinyTeX/texmf-dist/tex/latex/pdftexcmds/pdftexc
mds.sty
Package: pdftexcmds 2019/11/24 v0.31 Utility functions of pdfTeX for LuaTeX (HO
)

(c:/Users/lfpdr/AppData/Roaming/TinyTeX/texmf-dist/tex/generic/infwarerr/infwar
err.sty
Package: infwarerr 2019/12/03 v1.5 Providing info/warning/error messages (HO)
)
Package pdftexcmds Info: \pdf@primitive is available.
Package pdftexcmds Info: \pdf@ifprimitive is available.
Package pdftexcmds Info: \pdfdraftmode found.
)
(c:/Users/lfpdr/AppData/Roaming/TinyTeX/texmf-dist/tex/latex/graphics/keyval.st
y
Package: keyval 2014/10/28 v1.15 key=value parser (DPC)
\KV@toks@=\toks23
)
(c:/Users/lfpdr/AppData/Roaming/TinyTeX/texmf-dist/tex/generic/kvsetkeys/kvsetk
eys.sty
Package: kvsetkeys 2019/12/15 v1.18 Key value parser (HO)
)
(c:/Users/lfpdr/AppData/Roaming/TinyTeX/texmf-dist/tex/generic/kvdefinekeys/kvd
efinekeys.sty
Package: kvdefinekeys 2019-12-19 v1.6 Define keys (HO)
)
(c:/Users/lfpdr/AppData/Roaming/TinyTeX/texmf-dist/tex/generic/pdfescape/pdfesc
ape.sty
Package: pdfescape 2019/12/09 v1.15 Implements pdfTeX's escape features (HO)
)
(c:/Users/lfpdr/AppData/Roaming/TinyTeX/texmf-dist/tex/latex/hycolor/hycolor.st
y
Package: hycolor 2020-01-27 v1.10 Color options for hyperref/bookmark (HO)
)
(c:/Users/lfpdr/AppData/Roaming/TinyTeX/texmf-dist/tex/latex/letltxmacro/letltx
macro.sty
Package: letltxmacro 2019/12/03 v1.6 Let assignment for LaTeX macros (HO)
)
(c:/Users/lfpdr/AppData/Roaming/TinyTeX/texmf-dist/tex/latex/auxhook/auxhook.st
y
Package: auxhook 2019-12-17 v1.6 Hooks for auxiliary files (HO)
)
(c:/Users/lfpdr/AppData/Roaming/TinyTeX/texmf-dist/tex/latex/kvoptions/kvoption
s.sty
Package: kvoptions 2019/11/29 v3.13 Key value format for package options (HO)
)
\@linkdim=\dimen179
\Hy@linkcounter=\count292
\Hy@pagecounter=\count293

(c:/Users/lfpdr/AppData/Roaming/TinyTeX/texmf-dist/tex/latex/hyperref/pd1enc.de
f
File: pd1enc.def 2020/01/14 v7.00d Hyperref: PDFDocEncoding definition (HO)
Now handling font encoding PD1 ...
... no UTF-8 mapping file for font encoding PD1
)
(c:/Users/lfpdr/AppData/Roaming/TinyTeX/texmf-dist/tex/generic/intcalc/intcalc.
sty
Package: intcalc 2019/12/15 v1.3 Expandable calculations with integers (HO)
)
(c:/Users/lfpdr/AppData/Roaming/TinyTeX/texmf-dist/tex/generic/etexcmds/etexcmd
s.sty
Package: etexcmds 2019/12/15 v1.7 Avoid name clashes with e-TeX commands (HO)
)
\Hy@SavedSpaceFactor=\count294
Package hyperref Info: Hyper figures OFF on input line 4547.
Package hyperref Info: Link nesting OFF on input line 4552.
Package hyperref Info: Hyper index ON on input line 4555.
Package hyperref Info: Plain pages OFF on input line 4562.
Package hyperref Info: Backreferencing OFF on input line 4567.
Package hyperref Info: Implicit mode ON; LaTeX internals redefined.
Package hyperref Info: Bookmarks ON on input line 4800.
\c@Hy@tempcnt=\count295
(c:/Users/lfpdr/AppData/Roaming/TinyTeX/texmf-dist/tex/latex/url/url.sty
\Urlmuskip=\muskip16
Package: url 2013/09/16  ver 3.4  Verb mode for urls, etc.
)
LaTeX Info: Redefining \url on input line 5159.
\XeTeXLinkMargin=\dimen180

(c:/Users/lfpdr/AppData/Roaming/TinyTeX/texmf-dist/tex/generic/bitset/bitset.st
y
Package: bitset 2019/12/09 v1.3 Handle bit-vector datatype (HO)

(c:/Users/lfpdr/AppData/Roaming/TinyTeX/texmf-dist/tex/generic/bigintcalc/bigin
tcalc.sty
Package: bigintcalc 2019/12/15 v1.5 Expandable calculations on big integers (HO
)
))
\Fld@menulength=\count296
\Field@Width=\dimen181
\Fld@charsize=\dimen182
Package hyperref Info: Hyper figures OFF on input line 6430.
Package hyperref Info: Link nesting OFF on input line 6435.
Package hyperref Info: Hyper index ON on input line 6438.
Package hyperref Info: backreferencing OFF on input line 6445.
Package hyperref Info: Link coloring OFF on input line 6450.
Package hyperref Info: Link coloring with OCG OFF on input line 6455.
Package hyperref Info: PDF/A mode OFF on input line 6460.
LaTeX Info: Redefining \ref on input line 6500.
LaTeX Info: Redefining \pageref on input line 6504.

(c:/Users/lfpdr/AppData/Roaming/TinyTeX/texmf-dist/tex/generic/atbegshi/atbegsh
i.sty
Package: atbegshi 2019/12/05 v1.19 At begin shipout hook (HO)
)
\Hy@abspage=\count297
\c@Item=\count298
\c@Hfootnote=\count299
)
(c:/Users/lfpdr/AppData/Roaming/TinyTeX/texmf-dist/tex/latex/memoir/memhfixc.st
y
Package: memhfixc 2019/10/24 v1.18 nameref/hyperref package fixes for memoir cl
ass
\c@memhycontfloat=\count300
\c@Hpagenote=\count301
)
Package hyperref Info: Driver (autodetected): hpdftex.

(c:/Users/lfpdr/AppData/Roaming/TinyTeX/texmf-dist/tex/latex/hyperref/hpdftex.d
ef
File: hpdftex.def 2020/01/14 v7.00d Hyperref driver for pdfTeX

(c:/Users/lfpdr/AppData/Roaming/TinyTeX/texmf-dist/tex/latex/atveryend/atveryen
d.sty
Package: atveryend 2019-12-11 v1.11 Hooks at the very end of document (HO)
Package atveryend Info: \enddocument detected (standard20110627).
)
\Fld@listcount=\count302
\c@bookmark@seq@number=\count303

(c:/Users/lfpdr/AppData/Roaming/TinyTeX/texmf-dist/tex/latex/rerunfilecheck/rer
unfilecheck.sty
Package: rerunfilecheck 2019/12/05 v1.9 Rerun checks for auxiliary files (HO)

(c:/Users/lfpdr/AppData/Roaming/TinyTeX/texmf-dist/tex/generic/uniquecounter/un
iquecounter.sty
Package: uniquecounter 2019/12/15 v1.4 Provide unlimited unique counter (HO)
)
Package uniquecounter Info: New unique counter `rerunfilecheck' on input line 2
86.
)
\Hy@SectionHShift=\skip191
)
(c:/Users/lfpdr/AppData/Roaming/TinyTeX/texmf-dist/tex/latex/bookmark/bookmark.
sty
Package: bookmark 2019/12/03 v1.28 PDF bookmarks (HO)

(c:/Users/lfpdr/AppData/Roaming/TinyTeX/texmf-dist/tex/latex/bookmark/bkm-pdfte
x.def
File: bkm-pdftex.def 2019/12/03 v1.28 bookmark driver for pdfTeX (HO)
\BKM@id=\count304
)) (c:/Users/lfpdr/AppData/Roaming/TinyTeX/texmf-dist/tex/generic/babel/babel.s
ty
Package: babel 2020/03/22 3.42 The Babel package

(c:/Users/lfpdr/AppData/Roaming/TinyTeX/texmf-dist/tex/generic/babel/switch.def
File: switch.def 2020/03/22 3.42 Babel switching mechanism
)
(c:/Users/lfpdr/AppData/Roaming/TinyTeX/texmf-dist/tex/generic/babel-portuges/p
ortuges.ldf
Language: portuges 2008/03/18 v1.2q Portuguese support from the babel system
(c:/Users/lfpdr/AppData/Roaming/TinyTeX/texmf-dist/tex/generic/babel/babel.def
File: babel.def 2020/03/22 3.42 Babel common definitions
\babel@savecnt=\count305
\U@D=\dimen183

(c:/Users/lfpdr/AppData/Roaming/TinyTeX/texmf-dist/tex/generic/babel/txtbabel.d
ef)
\bbl@readstream=\read3
\bbl@dirlevel=\count306
)
Package babel Info: \l@brazil = using hyphenrules for portuguese
(babel)             (\language5) on input line 113.
Package babel Info: Making " an active character on input line 145.
))
(c:/Users/lfpdr/AppData/Roaming/TinyTeX/texmf-dist/tex/latex/enumitem/enumitem.
sty
Package: enumitem 2019/06/20 v3.9 Customized lists
\labelindent=\skip192
\enit@outerparindent=\dimen184
\enit@toks=\toks24
\enit@inbox=\box50
\enit@count@id=\count307
\enitdp@description=\count308
) (c:/Users/lfpdr/AppData/Roaming/TinyTeX/texmf-dist/tex/latex/tools/calc.sty
Package: calc 2017/05/25 v4.3 Infix arithmetic (KKT,FJ)
\calc@Acount=\count309
\calc@Bcount=\count310
\calc@Adimen=\dimen185
\calc@Bdimen=\dimen186
\calc@Askip=\skip193
\calc@Bskip=\skip194
LaTeX Info: Redefining \setlength on input line 80.
LaTeX Info: Redefining \addtolength on input line 81.
\calc@Ccount=\count311
\calc@Cskip=\skip195
)

******************************************************
Stock height and width: 845.04684pt by 597.50787pt
Top and edge trims: 0pt and 0pt
Page height and width: 845.04684pt by 597.50787pt
Text height and width: 708pt by 455pt
Spine and edge margins: 85.35826pt and 56.9055pt
Upper and lower margins: 85.35826pt and 51.68858pt
Headheight and headsep: 14.5pt and 19.8738pt
Footskip: 30pt
Columnsep and columnseprule: 10pt and 0pt
Marginparsep and marginparwidth: 7pt and 42.9055pt
Sidecapsep and sidecapwidth: 7pt and 42pt
Sidebarhsep and sidebarwidth: 7pt and 42pt
Sidebarvsep and sidebartopsep: 14.5pt and 0pt
Sidebarheight: 590.14995pt
Sidefoothsep and sidefootwidth: 7pt and 42pt
Sidefootvsep and sidefootheight: 14.5pt and 590.14995pt
******************************************************

\c@abntex@bookmarkcounter=\count312
\cftlastnumwidth=\skip196
\chapternamenumlength=\skip197
\ABNTEXcitacaorecuo=\skip198
\c@alineasi=\count313
\c@alineasii=\count314
\enitdp@alineas=\count315
\c@subalineasi=\count316
\enitdp@subalineas=\count317
\c@incisosi=\count318
\enitdp@incisos=\count319
\ABNTEXsignwidth=\skip256
\ABNTEXsignthickness=\skip257
\ABNTEXsignskip=\skip258
) (./setup/ufscthesisA4-alf.sty (c:/Users/lfpdr/AppData/Roaming/TinyTeX/texmf-d
ist/tex/latex/base/fontenc.sty
Package: fontenc 2020/02/11 v2.0o Standard LaTeX package
) (c:/Users/lfpdr/AppData/Roaming/TinyTeX/texmf-dist/tex/latex/psnfss/helvet.st
y
Package: helvet 2020/03/25 PSNFSS-v9.3 (WaS) 
) (c:/Users/lfpdr/AppData/Roaming/TinyTeX/texmf-dist/tex/latex/base/inputenc.st
y
Package: inputenc 2018/08/11 v1.3c Input encoding file
\inpenc@prehook=\toks25
\inpenc@posthook=\toks26
)
(c:/Users/lfpdr/AppData/Roaming/TinyTeX/texmf-dist/tex/latex/tools/indentfirst.
sty
Package: indentfirst 1995/11/23 v1.03 Indent first paragraph (DPC)
)
(c:/Users/lfpdr/AppData/Roaming/TinyTeX/texmf-dist/tex/latex/graphics/color.sty
Package: color 2019/11/23 v1.2a Standard LaTeX Color (DPC)

(c:/Users/lfpdr/AppData/Roaming/TinyTeX/texmf-dist/tex/latex/graphics-cfg/color
.cfg
File: color.cfg 2016/01/02 v1.6 sample color configuration
)
Package color Info: Driver file: pdftex.def on input line 147.

(c:/Users/lfpdr/AppData/Roaming/TinyTeX/texmf-dist/tex/latex/graphics-def/pdfte
x.def
File: pdftex.def 2018/01/08 v1.0l Graphics/color driver for pdftex
))
(c:/Users/lfpdr/AppData/Roaming/TinyTeX/texmf-dist/tex/latex/graphics/graphicx.
sty
Package: graphicx 2019/11/30 v1.2a Enhanced LaTeX Graphics (DPC,SPQR)

(c:/Users/lfpdr/AppData/Roaming/TinyTeX/texmf-dist/tex/latex/graphics/graphics.
sty
Package: graphics 2019/11/30 v1.4a Standard LaTeX Graphics (DPC,SPQR)
(c:/Users/lfpdr/AppData/Roaming/TinyTeX/texmf-dist/tex/latex/graphics/trig.sty
Package: trig 2016/01/03 v1.10 sin cos tan (DPC)
)
(c:/Users/lfpdr/AppData/Roaming/TinyTeX/texmf-dist/tex/latex/graphics-cfg/graph
ics.cfg
File: graphics.cfg 2016/06/04 v1.11 sample graphics configuration
)
Package graphics Info: Driver file: pdftex.def on input line 105.
)
\Gin@req@height=\dimen187
\Gin@req@width=\dimen188
)
(c:/Users/lfpdr/AppData/Roaming/TinyTeX/texmf-dist/tex/latex/microtype/microtyp
e.sty
Package: microtype 2019/11/18 v2.7d Micro-typographical refinements (RS)
\MT@toks=\toks27
\MT@count=\count320
LaTeX Info: Redefining \textls on input line 790.
\MT@outer@kern=\dimen189
LaTeX Info: Redefining \textmicrotypecontext on input line 1354.
\MT@listname@count=\count321

(c:/Users/lfpdr/AppData/Roaming/TinyTeX/texmf-dist/tex/latex/microtype/microtyp
e-pdftex.def
File: microtype-pdftex.def 2019/11/18 v2.7d Definitions specific to pdftex (RS)

LaTeX Info: Redefining \lsstyle on input line 914.
LaTeX Info: Redefining \lslig on input line 914.
\MT@outer@space=\skip259
)
Package microtype Info: Loading configuration file microtype.cfg.

(c:/Users/lfpdr/AppData/Roaming/TinyTeX/texmf-dist/tex/latex/microtype/microtyp
e.cfg
File: microtype.cfg 2019/11/18 v2.7d microtype main configuration file (RS)
))
(c:/Users/lfpdr/AppData/Roaming/TinyTeX/texmf-dist/tex/latex/pdfpages/pdfpages.
sty
Package: pdfpages 2020/01/28 v0.5q Insert pages of external PDF documents (AM)

(c:/Users/lfpdr/AppData/Roaming/TinyTeX/texmf-dist/tex/latex/eso-pic/eso-pic.st
y
Package: eso-pic 2018/04/12 v2.0h eso-pic (RN)
)
\AM@pagewidth=\dimen190
\AM@pageheight=\dimen191

(c:/Users/lfpdr/AppData/Roaming/TinyTeX/texmf-dist/tex/latex/pdfpages/pppdftex.
def
File: pppdftex.def 2020/01/28 v0.5q Pdfpages driver for pdfTeX (AM)
)
\AM@pagebox=\box51
\AM@global@opts=\toks28
\AM@pagecnt=\count322
\AM@toc@title=\toks29
\c@AM@survey=\count323
\AM@templatesizebox=\box52
)
(c:/Users/lfpdr/AppData/Roaming/TinyTeX/texmf-dist/tex/latex/csquotes/csquotes.
sty
Package: csquotes 2019-12-06 v5.2j context-sensitive quotations (JAW)

(c:/Users/lfpdr/AppData/Roaming/TinyTeX/texmf-dist/tex/latex/etoolbox/etoolbox.
sty
Package: etoolbox 2019/09/21 v2.5h e-TeX tools for LaTeX (JAW)
\etb@tempcnta=\count324
)
\csq@reset=\count325
\csq@gtype=\count326
\csq@glevel=\count327
\csq@qlevel=\count328
\csq@maxlvl=\count329
\csq@tshold=\count330
\csq@ltx@everypar=\toks30

(c:/Users/lfpdr/AppData/Roaming/TinyTeX/texmf-dist/tex/latex/csquotes/csquotes.
def
File: csquotes.def 2019-12-06 v5.2j csquotes generic definitions (JAW)
)
Package csquotes Info: Trying to load configuration file 'csquotes.cfg'...
Package csquotes Info: ... configuration file loaded successfully.

(c:/Users/lfpdr/AppData/Roaming/TinyTeX/texmf-dist/tex/latex/csquotes/csquotes.
cfg
File: csquotes.cfg 
))
(c:/Users/lfpdr/AppData/Roaming/TinyTeX/texmf-dist/tex/latex/glossaries/base/gl
ossaries.sty
Package: glossaries 2020/03/19 v4.46 (NLCT)

(c:/Users/lfpdr/AppData/Roaming/TinyTeX/texmf-dist/tex/latex/xkeyval/xkeyval.st
y
Package: xkeyval 2014/12/03 v2.7a package option processing (HA)

(c:/Users/lfpdr/AppData/Roaming/TinyTeX/texmf-dist/tex/generic/xkeyval/xkeyval.
tex
(c:/Users/lfpdr/AppData/Roaming/TinyTeX/texmf-dist/tex/generic/xkeyval/xkvutils
.tex
\XKV@toks=\toks31
\XKV@tempa@toks=\toks32
)
\XKV@depth=\count331
File: xkeyval.tex 2014/12/03 v2.7a key=value parser (HA)
))
(c:/Users/lfpdr/AppData/Roaming/TinyTeX/texmf-dist/tex/latex/mfirstuc/mfirstuc.
sty
Package: mfirstuc 2017/11/14 v2.06 (NLCT)
\@glsmfirst=\toks33
\@glsmrest=\toks34
) (c:/Users/lfpdr/AppData/Roaming/TinyTeX/texmf-dist/tex/latex/xfor/xfor.sty
Package: xfor 2009/02/05 v1.05 (NLCT)
)
(c:/Users/lfpdr/AppData/Roaming/TinyTeX/texmf-dist/tex/latex/datatool/datatool-
base.sty
Package: datatool-base 2019/09/27 v2.32 (NLCT)

(c:/Users/lfpdr/AppData/Roaming/TinyTeX/texmf-dist/tex/latex/amsmath/amsmath.st
y
Package: amsmath 2020/01/20 v2.17e AMS math features
\@mathmargin=\skip260
For additional information on amsmath, use the `?' option.

(c:/Users/lfpdr/AppData/Roaming/TinyTeX/texmf-dist/tex/latex/amsmath/amstext.st
y
Package: amstext 2000/06/29 v2.01 AMS text

(c:/Users/lfpdr/AppData/Roaming/TinyTeX/texmf-dist/tex/latex/amsmath/amsgen.sty
File: amsgen.sty 1999/11/30 v2.0 generic functions
\@emptytoks=\toks35
\ex@=\dimen192
))
(c:/Users/lfpdr/AppData/Roaming/TinyTeX/texmf-dist/tex/latex/amsmath/amsbsy.sty
Package: amsbsy 1999/11/29 v1.2d Bold Symbols
\pmbraise@=\dimen193
)
(c:/Users/lfpdr/AppData/Roaming/TinyTeX/texmf-dist/tex/latex/amsmath/amsopn.sty
Package: amsopn 2016/03/08 v2.02 operator names
)
\inf@bad=\count332
LaTeX Info: Redefining \frac on input line 227.
\uproot@=\count333
\leftroot@=\count334
LaTeX Info: Redefining \overline on input line 389.
\classnum@=\count335
\DOTSCASE@=\count336
LaTeX Info: Redefining \ldots on input line 486.
LaTeX Info: Redefining \dots on input line 489.
LaTeX Info: Redefining \cdots on input line 610.
\Mathstrutbox@=\box53
\strutbox@=\box54
\big@size=\dimen194
LaTeX Font Info:    Redeclaring font encoding OML on input line 733.
LaTeX Font Info:    Redeclaring font encoding OMS on input line 734.
\macc@depth=\count337
\c@MaxMatrixCols=\count338
\dotsspace@=\muskip17
\c@parentequation=\count339
\dspbrk@lvl=\count340
\tag@help=\toks36
\row@=\count341
\column@=\count342
\maxfields@=\count343
\andhelp@=\toks37
\eqnshift@=\dimen195
\alignsep@=\dimen196
\tagshift@=\dimen197
\tagwidth@=\dimen198
\totwidth@=\dimen256
\lineht@=\dimen257
\@envbody=\toks38
\multlinegap=\skip261
\multlinetaggap=\skip262
\mathdisplay@stack=\toks39
LaTeX Info: Redefining \[ on input line 2859.
LaTeX Info: Redefining \] on input line 2860.
) (c:/Users/lfpdr/AppData/Roaming/TinyTeX/texmf-dist/tex/latex/substr/substr.st
y
Package: substr 2009/10/20 v1.2 Handle substrings
\c@su@anzahl=\count344
)
(c:/Users/lfpdr/AppData/Roaming/TinyTeX/texmf-dist/tex/latex/datatool/datatool-
fp.sty
Package: datatool-fp 2019/09/27 v2.32 (NLCT)
(c:/Users/lfpdr/AppData/Roaming/TinyTeX/texmf-dist/tex/latex/fp/fp.sty
Package: fp 1995/04/02
`Fixed Point Package', Version 0.8, April 2, 1995 (C) Michael Mehlich (c:/Users
/lfpdr/AppData/Roaming/TinyTeX/texmf-dist/tex/latex/fp/defpattern.sty
Package: defpattern 1994/10/12
\actioncount=\count345
) (c:/Users/lfpdr/AppData/Roaming/TinyTeX/texmf-dist/tex/latex/fp/fp-basic.sty
Package: fp-basic 1996/05/13
\FP@xs=\count346
\FP@xia=\count347
\FP@xib=\count348
\FP@xfa=\count349
\FP@xfb=\count350
\FP@rega=\count351
\FP@regb=\count352
\FP@regs=\count353
\FP@times=\count354
) (c:/Users/lfpdr/AppData/Roaming/TinyTeX/texmf-dist/tex/latex/fp/fp-addons.sty
Package: fp-addons 1995/03/15
) (c:/Users/lfpdr/AppData/Roaming/TinyTeX/texmf-dist/tex/latex/fp/fp-snap.sty
Package: fp-snap 1995/04/05
) (c:/Users/lfpdr/AppData/Roaming/TinyTeX/texmf-dist/tex/latex/fp/fp-exp.sty
Package: fp-exp 1995/04/03
) (c:/Users/lfpdr/AppData/Roaming/TinyTeX/texmf-dist/tex/latex/fp/fp-trigo.sty
Package: fp-trigo 1995/04/14
) (c:/Users/lfpdr/AppData/Roaming/TinyTeX/texmf-dist/tex/latex/fp/fp-pas.sty
Package: fp-pas 1994/08/29
) (c:/Users/lfpdr/AppData/Roaming/TinyTeX/texmf-dist/tex/latex/fp/fp-random.sty
Package: fp-random 1995/02/23
\FPseed=\count355
) (c:/Users/lfpdr/AppData/Roaming/TinyTeX/texmf-dist/tex/latex/fp/fp-eqn.sty
Package: fp-eqn 1995/04/03
) (c:/Users/lfpdr/AppData/Roaming/TinyTeX/texmf-dist/tex/latex/fp/fp-upn.sty
Package: fp-upn 1996/10/21
) (c:/Users/lfpdr/AppData/Roaming/TinyTeX/texmf-dist/tex/latex/fp/fp-eval.sty
Package: fp-eval 1995/04/03
)))
\@dtl@toks=\toks40
\@dtl@tmpcount=\count356
\dtl@tmplength=\skip263
\dtl@sortresult=\count357
\@dtl@numgrpsepcount=\count358
\@dtl@datatype=\count359
\dtl@codeA=\count360
\dtl@codeB=\count361
\@dtl@foreach@level=\count362
)
(c:/Users/lfpdr/AppData/Roaming/TinyTeX/texmf-dist/tex/latex/glossaries/base/gl
ossaries-compatible-307.sty
Package: glossaries-compatible-307 2020/03/19 v4.46 (NLCT)
)
(c:/Users/lfpdr/AppData/Roaming/TinyTeX/texmf-dist/tex/latex/tracklang/tracklan
g.sty
Package: tracklang 2019/11/30 v1.4 (NLCT) Track Languages

(c:/Users/lfpdr/AppData/Roaming/TinyTeX/texmf-dist/tex/generic/tracklang/trackl
ang.tex))

Package glossaries Warning: No language module detected for `english'.
(glossaries)                Language modules need to be installed separately.
(glossaries)                Please check on CTAN for a bundle called
(glossaries)                `glossaries-english' or similar.


Package glossaries Warning: No language module detected for `brazil'.
(glossaries)                Language modules need to be installed separately.
(glossaries)                Please check on CTAN for a bundle called
(glossaries)                `glossaries-portuges' or similar.

\gls@level=\count363
\@gls@tmpb=\toks41
\gls@tmplen=\skip264

Package glossaries Warning: Overriding \printglossary on input line 5939.

\c@glossarysubentry=\count364

Package glossaries Warning: Overriding `theglossary' environment on input line 
6545.

\glskeylisttok=\toks42
\glslabeltok=\toks43
\glsshorttok=\toks44
\glslongtok=\toks45

(c:/Users/lfpdr/AppData/Roaming/TinyTeX/texmf-dist/tex/latex/glossaries/styles/
glossary-hypernav.sty
Package: glossary-hypernav 2020/03/19 v4.46 (NLCT)
)
(c:/Users/lfpdr/AppData/Roaming/TinyTeX/texmf-dist/tex/latex/glossaries/styles/
glossary-list.sty
Package: glossary-list 2020/03/19 v4.46 (NLCT)
\glslistdottedwidth=\skip265
)
(c:/Users/lfpdr/AppData/Roaming/TinyTeX/texmf-dist/tex/latex/glossaries/styles/
glossary-long.sty
Package: glossary-long 2020/03/19 v4.46 (NLCT)

(c:/Users/lfpdr/AppData/Roaming/TinyTeX/texmf-dist/tex/latex/tools/longtable.st
y
Package: longtable 2020/01/07 v4.13 Multi-page Table package (DPC)
\LTleft=\skip266
\LTright=\skip267
\LTpre=\skip268
\LTpost=\skip269
\LTchunksize=\count365
\LTcapwidth=\dimen258
\LT@head=\box55
\LT@firsthead=\box56
\LT@foot=\box57
\LT@lastfoot=\box58
\LT@cols=\count366
\LT@rows=\count367
\c@LT@tables=\count368
\c@LT@chunks=\count369
\LT@p@ftn=\toks46
)
\glsdescwidth=\skip270
\glspagelistwidth=\skip271
)
(c:/Users/lfpdr/AppData/Roaming/TinyTeX/texmf-dist/tex/latex/glossaries/styles/
glossary-tree.sty
Package: glossary-tree 2020/03/19 v4.46 (NLCT)
\glstreeindent=\skip272
))
(c:/Users/lfpdr/AppData/Roaming/TinyTeX/texmf-dist/tex/latex/fourier/fourier.st
y
Package: fourier 2020/03/03 2.2 fourier-GUTenberg package
Now handling font encoding FML ...
... no UTF-8 mapping file for font encoding FML
Now handling font encoding FMS ...
... no UTF-8 mapping file for font encoding FMS
Now handling font encoding FMX ...
... no UTF-8 mapping file for font encoding FMX
(c:/Users/lfpdr/AppData/Roaming/TinyTeX/texmf-dist/tex/latex/base/fontenc.sty
Package: fontenc 2020/02/11 v2.0o Standard LaTeX package
LaTeX Font Info:    Trying to load font information for T1+futs on input line 1
12.
(c:/Users/lfpdr/AppData/Roaming/TinyTeX/texmf-dist/tex/latex/fourier/t1futs.fd
File: t1futs.fd 2004/03/02 Fontinst v1.926 font definitions for T1/futs.
)) (c:/Users/lfpdr/AppData/Roaming/TinyTeX/texmf-dist/tex/latex/base/textcomp.s
ty
Package: textcomp 2020/02/02 v2.0n Standard LaTeX package
)
(c:/Users/lfpdr/AppData/Roaming/TinyTeX/texmf-dist/tex/latex/fourier/fourier-or
ns.sty
Package: fourier-orns 2020/03/03 2.2 fourier-ornaments package
)
LaTeX Font Info:    Redeclaring symbol font `operators' on input line 63.
LaTeX Font Info:    Encoding `OT1' has changed to `T1' for symbol font
(Font)              `operators' in the math version `normal' on input line 63.
LaTeX Font Info:    Overwriting symbol font `operators' in version `normal'
(Font)                  OT1/cmr/m/n --> T1/futs/m/n on input line 63.
LaTeX Font Info:    Encoding `OT1' has changed to `T1' for symbol font
(Font)              `operators' in the math version `bold' on input line 63.
LaTeX Font Info:    Overwriting symbol font `operators' in version `bold'
(Font)                  OT1/cmr/bx/n --> T1/futs/m/n on input line 63.
LaTeX Font Info:    Overwriting symbol font `operators' in version `bold'
(Font)                  T1/futs/m/n --> T1/futs/b/n on input line 64.
LaTeX Font Info:    Redeclaring symbol font `letters' on input line 72.
LaTeX Font Info:    Encoding `OML' has changed to `FML' for symbol font
(Font)              `letters' in the math version `normal' on input line 72.
LaTeX Font Info:    Overwriting symbol font `letters' in version `normal'
(Font)                  OML/cmm/m/it --> FML/futmi/m/it on input line 72.
LaTeX Font Info:    Encoding `OML' has changed to `FML' for symbol font
(Font)              `letters' in the math version `bold' on input line 72.
LaTeX Font Info:    Overwriting symbol font `letters' in version `bold'
(Font)                  OML/cmm/b/it --> FML/futmi/m/it on input line 72.
\symotherletters=\mathgroup4
LaTeX Font Info:    Overwriting symbol font `letters' in version `bold'
(Font)                  FML/futmi/m/it --> FML/futmi/b/it on input line 74.
LaTeX Font Info:    Overwriting symbol font `otherletters' in version `bold'
(Font)                  FML/futm/m/it --> FML/futm/b/it on input line 75.
LaTeX Font Info:    Redeclaring math symbol \Gamma on input line 76.
LaTeX Font Info:    Redeclaring math symbol \Delta on input line 77.
LaTeX Font Info:    Redeclaring math symbol \Theta on input line 78.
LaTeX Font Info:    Redeclaring math symbol \Lambda on input line 79.
LaTeX Font Info:    Redeclaring math symbol \Xi on input line 80.
LaTeX Font Info:    Redeclaring math symbol \Pi on input line 81.
LaTeX Font Info:    Redeclaring math symbol \Sigma on input line 82.
LaTeX Font Info:    Redeclaring math symbol \Upsilon on input line 83.
LaTeX Font Info:    Redeclaring math symbol \Phi on input line 84.
LaTeX Font Info:    Redeclaring math symbol \Psi on input line 85.
LaTeX Font Info:    Redeclaring math symbol \Omega on input line 86.
LaTeX Font Info:    Redeclaring symbol font `symbols' on input line 126.
LaTeX Font Info:    Encoding `OMS' has changed to `FMS' for symbol font
(Font)              `symbols' in the math version `normal' on input line 126.
LaTeX Font Info:    Overwriting symbol font `symbols' in version `normal'
(Font)                  OMS/cmsy/m/n --> FMS/futm/m/n on input line 126.
LaTeX Font Info:    Encoding `OMS' has changed to `FMS' for symbol font
(Font)              `symbols' in the math version `bold' on input line 126.
LaTeX Font Info:    Overwriting symbol font `symbols' in version `bold'
(Font)                  OMS/cmsy/b/n --> FMS/futm/m/n on input line 126.
LaTeX Font Info:    Redeclaring symbol font `largesymbols' on input line 127.
LaTeX Font Info:    Encoding `OMX' has changed to `FMX' for symbol font
(Font)              `largesymbols' in the math version `normal' on input line 1
27.
LaTeX Font Info:    Overwriting symbol font `largesymbols' in version `normal'
(Font)                  OMX/cmex/m/n --> FMX/futm/m/n on input line 127.
LaTeX Font Info:    Encoding `OMX' has changed to `FMX' for symbol font
(Font)              `largesymbols' in the math version `bold' on input line 127
.
LaTeX Font Info:    Overwriting symbol font `largesymbols' in version `bold'
(Font)                  OMX/cmex/m/n --> FMX/futm/m/n on input line 127.
LaTeX Font Info:    Redeclaring math alphabet \mathbf on input line 128.
LaTeX Font Info:    Overwriting math alphabet `\mathbf' in version `normal'
(Font)                  OT1/cmr/bx/n --> T1/futs/bx/n on input line 128.
LaTeX Font Info:    Overwriting math alphabet `\mathbf' in version `bold'
(Font)                  OT1/cmr/bx/n --> T1/futs/bx/n on input line 128.
LaTeX Font Info:    Redeclaring math alphabet \mathrm on input line 129.
LaTeX Font Info:    Redeclaring math alphabet \mathit on input line 130.
LaTeX Font Info:    Overwriting math alphabet `\mathit' in version `normal'
(Font)                  OT1/cmr/m/it --> T1/futs/m/it on input line 130.
LaTeX Font Info:    Overwriting math alphabet `\mathit' in version `bold'
(Font)                  OT1/cmr/bx/it --> T1/futs/m/it on input line 130.
LaTeX Font Info:    Redeclaring math alphabet \mathcal on input line 131.
LaTeX Font Info:    Redeclaring math symbol \parallel on input line 147.
LaTeX Font Info:    Redeclaring math symbol \hbar on input line 161.
LaTeX Font Info:    Redeclaring math symbol \varkappa on input line 199.
LaTeX Font Info:    Redeclaring math symbol \varvarrho on input line 200.
LaTeX Font Info:    Redeclaring math delimiter \Vert on input line 223.
LaTeX Font Info:    Redeclaring math delimiter \vert on input line 228.
LaTeX Font Info:    Redeclaring math delimiter \lvert on input line 230.
LaTeX Font Info:    Redeclaring math delimiter \rvert on input line 232.
LaTeX Font Info:    Redeclaring math delimiter \lVert on input line 234.
LaTeX Font Info:    Redeclaring math delimiter \rVert on input line 236.
LaTeX Font Info:    Redeclaring math delimiter \Downarrow on input line 238.
LaTeX Font Info:    Redeclaring math delimiter \backslash on input line 240.
LaTeX Font Info:    Redeclaring math delimiter \rangle on input line 242.
LaTeX Font Info:    Redeclaring math delimiter \langle on input line 244.
LaTeX Font Info:    Redeclaring math delimiter \rbrace on input line 246.
LaTeX Font Info:    Redeclaring math delimiter \lbrace on input line 248.
LaTeX Font Info:    Redeclaring math delimiter \rceil on input line 250.
LaTeX Font Info:    Redeclaring math delimiter \lceil on input line 252.
LaTeX Font Info:    Redeclaring math delimiter \rfloor on input line 254.
LaTeX Font Info:    Redeclaring math delimiter \lfloor on input line 256.
LaTeX Font Info:    Redeclaring math accent \acute on input line 260.
LaTeX Font Info:    Redeclaring math accent \grave on input line 261.
LaTeX Font Info:    Redeclaring math accent \ddot on input line 262.
LaTeX Font Info:    Redeclaring math accent \tilde on input line 263.
LaTeX Font Info:    Redeclaring math accent \bar on input line 264.
LaTeX Font Info:    Redeclaring math accent \breve on input line 265.
LaTeX Font Info:    Redeclaring math accent \check on input line 266.
LaTeX Font Info:    Redeclaring math accent \hat on input line 267.
LaTeX Font Info:    Redeclaring math accent \dot on input line 268.
LaTeX Font Info:    Redeclaring math accent \mathring on input line 269.
\symUfutm=\mathgroup5
)
(c:/Users/lfpdr/AppData/Roaming/TinyTeX/texmf-dist/tex/latex/mathastext/mathast
ext.sty
Package: mathastext 2019/11/16 v1.3w Use the text font in math mode (JFB)
\mst@exists@muskip=\muskip18
\mst@forall@muskip=\muskip19
\mst@prime@muskip=\muskip20
\mst@do@nonletters=\toks47
\mst@do@easynonletters=\toks48
\mst@do@az=\toks49
\mst@do@AZ=\toks50
\symmtoperatorfont=\mathgroup6
\symmtletterfont=\mathgroup7
** ! and ?
** punctuation: , . : ; and \colon
LaTeX Info: Redefining \rightarrowfill on input line 790.
LaTeX Info: Redefining \leftarrowfill on input line 795.
** + and =
** adding = ; and + to \nfss@catcodes
** parentheses ( ) [ ] and slash /
** alldelims: < > \backslash \setminus | \vert \mid \{ and \}
LaTeX Font Info:    Redeclaring math delimiter \backslash on input line 932.
LaTeX Font Info:    Redeclaring math symbol \setminus on input line 944.
LaTeX Info: Redefining \models on input line 953.
** \# \mathdollar \% \& 
** \imath and \jmath 
LaTeX Font Info:    Overwriting math alphabet `\mathnormalbold' in version `nor
mal'
(Font)                  T1/phv/b/it --> T1/phv/b/it on input line 2140.
LaTeX Font Info:    Overwriting math alphabet `\mathnormalbold' in version `bol
d'
(Font)                  T1/phv/b/it --> T1/phv/b/it on input line 2140.
LaTeX Font Info:    Overwriting symbol font `mtletterfont' in version `normal'
(Font)                  T1/phv/m/it --> T1/phv/m/it on input line 2140.
LaTeX Font Info:    Overwriting symbol font `mtletterfont' in version `bold'
(Font)                  T1/phv/m/it --> T1/phv/b/it on input line 2140.
LaTeX Font Info:    Overwriting symbol font `mtoperatorfont' in version `normal
'
(Font)                  T1/phv/m/n --> T1/phv/m/n on input line 2140.
LaTeX Font Info:    Overwriting symbol font `mtoperatorfont' in version `bold'
(Font)                  T1/phv/m/n --> T1/phv/b/n on input line 2140.
LaTeX Font Info:    Overwriting math alphabet `\Mathbf' in version `normal'
(Font)                  T1/phv/b/n --> T1/phv/b/n on input line 2140.
LaTeX Font Info:    Overwriting math alphabet `\Mathbf' in version `bold'
(Font)                  T1/phv/b/n --> T1/phv/b/n on input line 2140.
LaTeX Font Info:    Overwriting math alphabet `\Mathit' in version `normal'
(Font)                  T1/phv/m/it --> T1/phv/m/it on input line 2140.
LaTeX Font Info:    Overwriting math alphabet `\Mathit' in version `bold'
(Font)                  T1/phv/m/it --> T1/phv/b/it on input line 2140.
LaTeX Font Info:    Overwriting math alphabet `\Mathsf' in version `normal'
(Font)                  T1/phv/m/n --> T1/phv/m/n on input line 2140.
LaTeX Font Info:    Overwriting math alphabet `\Mathsf' in version `bold'
(Font)                  T1/phv/m/n --> T1/phv/b/n on input line 2140.
LaTeX Font Info:    Overwriting math alphabet `\Mathtt' in version `normal'
(Font)                  T1/cmtt/m/n --> T1/cmtt/m/n on input line 2140.
LaTeX Font Info:    Overwriting math alphabet `\Mathtt' in version `bold'
(Font)                  T1/cmtt/m/n --> T1/cmtt/b/n on input line 2140.
** Latin letters in the normal (resp. bold) math versions are now
** set up to use the fonts T1/phv/m(b)/it
** Other characters (digits, ...) and \log-like names will be
** typeset with the n shape.
** \hbar
** minus as endash
)
(c:/Users/lfpdr/AppData/Roaming/TinyTeX/texmf-dist/tex/latex/biblatex/biblatex.
sty
Package: biblatex 2019/12/01 v3.14 programmable bibliographies (PK/MW)
(c:/Users/lfpdr/AppData/Roaming/TinyTeX/texmf-dist/tex/latex/logreq/logreq.sty
Package: logreq 2010/08/04 v1.0 xml request logger
\lrq@indent=\count370
(c:/Users/lfpdr/AppData/Roaming/TinyTeX/texmf-dist/tex/latex/logreq/logreq.def
File: logreq.def 2010/08/04 v1.0 logreq spec v1.0
))
\c@tabx@nest=\count371
\c@listtotal=\count372
\c@listcount=\count373
\c@liststart=\count374
\c@liststop=\count375
\c@citecount=\count376
\c@citetotal=\count377
\c@multicitecount=\count378
\c@multicitetotal=\count379
\c@instcount=\count380
\c@maxnames=\count381
\c@minnames=\count382
\c@maxitems=\count383
\c@minitems=\count384
\c@citecounter=\count385
\c@maxcitecounter=\count386
\c@savedcitecounter=\count387
\c@uniquelist=\count388
\c@uniquename=\count389
\c@refsection=\count390
\c@refsegment=\count391
\c@maxextratitle=\count392
\c@maxextratitleyear=\count393
\c@maxextraname=\count394
\c@maxextradate=\count395
\c@maxextraalpha=\count396
\c@abbrvpenalty=\count397
\c@highnamepenalty=\count398
\c@lownamepenalty=\count399
\c@maxparens=\count400
\c@parenlevel=\count401
\blx@tempcnta=\count402
\blx@tempcntb=\count403
\blx@tempcntc=\count404
\blx@maxsection=\count405
\blx@maxsegment@0=\count406
\blx@notetype=\count407
\blx@parenlevel@text=\count408
\blx@parenlevel@foot=\count409
\blx@sectionciteorder@0=\count410
\blx@entrysetcounter=\count411
\labelnumberwidth=\skip273
\labelalphawidth=\skip274
\biblabelsep=\skip275
\bibnamesep=\skip276
\bibinitsep=\skip277
\bibparsep=\skip278
\bibhang=\skip279
\blx@bcfin=\read4
\blx@bcfout=\write4
\blx@langwohyphens=\language6
\c@mincomprange=\count412
\c@maxcomprange=\count413
\c@mincompwidth=\count414
Package biblatex Info: Trying to load biblatex default data model...
Package biblatex Info: ... file 'blx-dm.def' found.

(c:/Users/lfpdr/AppData/Roaming/TinyTeX/texmf-dist/tex/latex/biblatex/blx-dm.de
f
File: blx-dm.def 2019/12/01 v3.14 biblatex localization (PK/MW)
)
Package biblatex Info: Trying to load biblatex style data model...
Package biblatex Info: ... file 'abnt.dbx' not found.
Package biblatex Info: Trying to load biblatex custom data model...
Package biblatex Info: ... file 'biblatex-dm.cfg' not found.
\c@afterword=\count415
\c@savedafterword=\count416
\c@annotator=\count417
\c@savedannotator=\count418
\c@author=\count419
\c@savedauthor=\count420
\c@bookauthor=\count421
\c@savedbookauthor=\count422
\c@commentator=\count423
\c@savedcommentator=\count424
\c@editor=\count425
\c@savededitor=\count426
\c@editora=\count427
\c@savededitora=\count428
\c@editorb=\count429
\c@savededitorb=\count430
\c@editorc=\count431
\c@savededitorc=\count432
\c@foreword=\count433
\c@savedforeword=\count434
\c@holder=\count435
\c@savedholder=\count436
\c@introduction=\count437
\c@savedintroduction=\count438
\c@namea=\count439
\c@savednamea=\count440
\c@nameb=\count441
\c@savednameb=\count442
\c@namec=\count443
\c@savednamec=\count444
\c@translator=\count445
\c@savedtranslator=\count446
\c@shortauthor=\count447
\c@savedshortauthor=\count448
\c@shorteditor=\count449
\c@savedshorteditor=\count450
\c@labelname=\count451
\c@savedlabelname=\count452
\c@institution=\count453
\c@savedinstitution=\count454
\c@lista=\count455
\c@savedlista=\count456
\c@listb=\count457
\c@savedlistb=\count458
\c@listc=\count459
\c@savedlistc=\count460
\c@listd=\count461
\c@savedlistd=\count462
\c@liste=\count463
\c@savedliste=\count464
\c@listf=\count465
\c@savedlistf=\count466
\c@location=\count467
\c@savedlocation=\count468
\c@organization=\count469
\c@savedorganization=\count470
\c@origlocation=\count471
\c@savedoriglocation=\count472
\c@origpublisher=\count473
\c@savedorigpublisher=\count474
\c@publisher=\count475
\c@savedpublisher=\count476
\c@language=\count477
\c@savedlanguage=\count478
\c@origlanguage=\count479
\c@savedoriglanguage=\count480
\c@pageref=\count481
\c@savedpageref=\count482
\shorthandwidth=\skip280
\shortjournalwidth=\skip281
\shortserieswidth=\skip282
\shorttitlewidth=\skip283
\shortauthorwidth=\skip284
\shorteditorwidth=\skip285
\locallabelnumberwidth=\skip286
\locallabelalphawidth=\skip287
\localshorthandwidth=\skip288
\localshortjournalwidth=\skip289
\localshortserieswidth=\skip290
\localshorttitlewidth=\skip291
\localshortauthorwidth=\skip292
\localshorteditorwidth=\skip293
Package biblatex Info: Trying to load compatibility code...
Package biblatex Info: ... file 'blx-compat.def' found.

(c:/Users/lfpdr/AppData/Roaming/TinyTeX/texmf-dist/tex/latex/biblatex/blx-compa
t.def
File: blx-compat.def 2019/12/01 v3.14 biblatex compatibility (PK/MW)
)
Package biblatex Info: Trying to load generic definitions...
Package biblatex Info: ... file 'biblatex.def' found.

(c:/Users/lfpdr/AppData/Roaming/TinyTeX/texmf-dist/tex/latex/biblatex/biblatex.
def
File: biblatex.def 2019/12/01 v3.14 biblatex compatibility (PK/MW)
\c@textcitecount=\count483
\c@textcitetotal=\count484
\c@textcitemaxnames=\count485
\c@biburlbigbreakpenalty=\count486
\c@biburlbreakpenalty=\count487
\c@biburlnumpenalty=\count488
\c@biburlucpenalty=\count489
\c@biburllcpenalty=\count490
\biburlbigskip=\muskip21
\biburlnumskip=\muskip22
\biburlucskip=\muskip23
\biburllcskip=\muskip24
\c@smartand=\count491
)
Package biblatex Info: Trying to load bibliography style 'abnt'...
Package biblatex Info: ... file 'abnt.bbx' found.

(c:/Users/lfpdr/AppData/Roaming/TinyTeX/texmf-dist/tex/latex/biblatex-abnt/abnt
.bbx
File: abnt.bbx 2018-11-17 v3.4 ABNT BibLaTeX citation style

(c:/Users/lfpdr/AppData/Roaming/TinyTeX/texmf-dist/tex/latex/l3packages/xparse/
xparse.sty
(c:/Users/lfpdr/AppData/Roaming/TinyTeX/texmf-dist/tex/latex/l3kernel/expl3.sty
Package: expl3 2020-04-06 L3 programming layer (loader) 

(c:/Users/lfpdr/AppData/Roaming/TinyTeX/texmf-dist/tex/latex/l3backend/l3backen
d-pdfmode.def
File: l3backend-pdfmode.def 2020-03-12 L3 backend support: PDF mode
\l__kernel_color_stack_int=\count492
\l__pdf_internal_box=\box59
))
Package: xparse 2020-03-06 L3 Experimental document command parser
\l__xparse_current_arg_int=\count493
\g__xparse_grabber_int=\count494
\l__xparse_m_args_int=\count495
\l__xparse_v_nesting_int=\count496
) (c:/Users/lfpdr/AppData/Roaming/TinyTeX/texmf-dist/tex/latex/xpatch/xpatch.st
y
Package: xpatch 2020/03/25 v0.3a Extending etoolbox patching commands
)
Package biblatex Info: Trying to load bibliography style 'standard'...
Package biblatex Info: ... file 'standard.bbx' found.

(c:/Users/lfpdr/AppData/Roaming/TinyTeX/texmf-dist/tex/latex/biblatex/bbx/stand
ard.bbx
File: standard.bbx 2019/12/01 v3.14 biblatex bibliography style (PK/MW)
\c@bbx:relatedcount=\count497
\c@bbx:relatedtotal=\count498
))
Package biblatex Info: Trying to load citation style 'abnt'...
Package biblatex Info: ... file 'abnt.cbx' found.

(c:/Users/lfpdr/AppData/Roaming/TinyTeX/texmf-dist/tex/latex/biblatex-abnt/abnt
.cbx
File: abnt.cbx 2018-11-17 v3.4 ABNT BibLaTeX citation style
Package biblatex Info: Trying to load citation style 'authoryear-comp'...
Package biblatex Info: ... file 'authoryear-comp.cbx' found.

(c:/Users/lfpdr/AppData/Roaming/TinyTeX/texmf-dist/tex/latex/biblatex/cbx/autho
ryear-comp.cbx
File: authoryear-comp.cbx 2019/12/01 v3.14 biblatex citation style (PK/MW)
Package biblatex Info: Redefining '\cite'.
Package biblatex Info: Redefining '\parencite'.
Package biblatex Info: Redefining '\footcite'.
Package biblatex Info: Redefining '\footcitetext'.
Package biblatex Info: Redefining '\smartcite'.
Package biblatex Info: Redefining '\textcite'.
Package biblatex Info: Redefining '\textcites'.
Package biblatex Info: Redefining '\cites'.
Package biblatex Info: Redefining '\parencites'.
Package biblatex Info: Redefining '\footcites'.
Package biblatex Info: Redefining '\footcitetexts'.
Package biblatex Info: Redefining '\smartcites'.
)
Package biblatex Info: Redefining '\cite'.
Package biblatex Info: Redefining '\cites'.
Package biblatex Info: Redefining '\footcite'.
Package biblatex Info: Redefining '\footcites'.
Package biblatex Info: Redefining '\citetitle'.
Package biblatex Info: Redefining '\smartcite'.
Package biblatex Info: Redefining '\citeauthor'.
Package biblatex Info: Redefining '\citeyear'.
)
Package biblatex Info: Trying to load configuration file...
Package biblatex Info: ... file 'biblatex.cfg' found.

(c:/Users/lfpdr/AppData/Roaming/TinyTeX/texmf-dist/tex/latex/biblatex/biblatex.
cfg
File: biblatex.cfg 
))
LaTeX Font Info:    Redeclaring symbol font `largesymbols' on input line 83.
LaTeX Font Info:    Encoding `FMX' has changed to `OMX' for symbol font
(Font)              `largesymbols' in the math version `normal' on input line 8
3.
LaTeX Font Info:    Overwriting symbol font `largesymbols' in version `normal'
(Font)                  FMX/futm/m/n --> OMX/helvet/m/n on input line 83.
LaTeX Font Info:    Encoding `FMX' has changed to `OMX' for symbol font
(Font)              `largesymbols' in the math version `bold' on input line 83.

LaTeX Font Info:    Overwriting symbol font `largesymbols' in version `bold'
(Font)                  FMX/futm/m/n --> OMX/helvet/m/n on input line 83.
LaTeX Font Info:    Redeclaring math accent \wideparen on input line 84.
\c@quadro=\count499
\c@loqdepth=\count500
\cftbeforequadroskip=\skip294
\cftquadroindent=\skip295
\cftquadronumwidth=\skip296
) (c:/Users/lfpdr/AppData/Roaming/TinyTeX/texmf-dist/tex/latex/xcolor/xcolor.st
y
Package: xcolor 2016/05/11 v2.12 LaTeX color extensions (UK)

(c:/Users/lfpdr/AppData/Roaming/TinyTeX/texmf-dist/tex/latex/graphics-cfg/color
.cfg
File: color.cfg 2016/01/02 v1.6 sample color configuration
)
Package xcolor Info: Driver file: pdftex.def on input line 225.

(c:/Users/lfpdr/AppData/Roaming/TinyTeX/texmf-dist/tex/latex/colortbl/colortbl.
sty
Package: colortbl 2020/01/04 v1.0e Color table columns (DPC)
\everycr=\toks51
\minrowclearance=\skip297
)
LaTeX Info: Redefining \color on input line 709.
\rownum=\count501
Package xcolor Info: Model `cmy' substituted by `cmy0' on input line 1348.
Package xcolor Info: Model `hsb' substituted by `rgb' on input line 1352.
Package xcolor Info: Model `RGB' extended on input line 1364.
Package xcolor Info: Model `HTML' substituted by `rgb' on input line 1366.
Package xcolor Info: Model `Hsb' substituted by `hsb' on input line 1367.
Package xcolor Info: Model `tHsb' substituted by `hsb' on input line 1368.
Package xcolor Info: Model `HSB' substituted by `hsb' on input line 1369.
Package xcolor Info: Model `Gray' substituted by `gray' on input line 1370.
Package xcolor Info: Model `wave' substituted by `hsb' on input line 1371.
)
(c:/Users/lfpdr/AppData/Roaming/TinyTeX/texmf-dist/tex/latex/floatrow/floatrow.
sty
Package: floatrow 2008/08/02 v0.3b floatrow: float package extension

(c:/Users/lfpdr/AppData/Roaming/TinyTeX/texmf-dist/tex/latex/caption/caption3.s
ty
Package: caption3 2020/01/03 v1.8h caption3 kernel (AR)
Package caption3 Info: TeX engine: e-TeX on input line 61.
\captionmargin=\dimen259
\captionmargin@=\dimen260
\captionwidth=\dimen261
\caption@tempdima=\dimen262
\caption@indent=\dimen263
\caption@parindent=\dimen264
\caption@hangindent=\dimen265
Package caption Info: memoir document class detected.
)
\c@float@type=\count502
\float@exts=\toks52
\float@box=\box60
\@floatcapt=\box61
Package floatrow Info: Modified float package code loaded on input line 455.
Package floatrow Info: Modified rotfloat package code loaded on input line 473.

\FR@everyfloat=\toks53
\flrow@foot=\insert248
\FB@wd=\dimen266
\FBo@wd=\dimen267
\FBc@wd=\dimen268
\FBo@ht=\skip298
\FBc@ht=\skip299
\FBf@ht=\skip300
\FBo@max=\skip301
\FBc@max=\skip302
\FBf@max=\skip303
\c@FBl@b=\count503
\floatbox@depth=\count504
\c@FRobj=\count505
\c@FRsobj=\count506
\Xhsize=\skip304
\sXhsize=\skip305
\Zhsize=\skip306
\sZhsize=\skip307
\flrow@rowbox=\box62
\FR@Zunitlength=\dimen269
\c@FBcnt=\count507
\FPOScnt=\count508
\LTleft=\skip308
\LTright=\skip309
\LTleft=\skip310
\LTright=\skip311
\flrow@types=\toks54
)
Package hyperref Info: Option `colorlinks' set `true' on input line 162.
\@input{lista_siglas.aux}
\openout2 = `lista_siglas.aux'.

(./lista_siglas.tex)
\@input{lista_simbolos.aux}
\openout2 = `lista_simbolos.aux'.

(./lista_simbolos.tex)
\thesis@idxfile=\write5
\openout5 = `thesis.idx'.

Writing index file thesis.idx 
Package csquotes Info: Checking for multilingual support...
Package csquotes Info: ... found 'babel' package.
Package csquotes Info: Adjusting default style.
Package csquotes Info: Redefining alias 'default' -> 'brazil'.
(./thesis.aux)
\openout1 = `thesis.aux'.

LaTeX Font Info:    Checking defaults for OML/cmm/m/it on input line 192.
LaTeX Font Info:    ... okay on input line 192.
LaTeX Font Info:    Checking defaults for OMS/cmsy/m/n on input line 192.
LaTeX Font Info:    ... okay on input line 192.
LaTeX Font Info:    Checking defaults for OT1/cmr/m/n on input line 192.
LaTeX Font Info:    ... okay on input line 192.
LaTeX Font Info:    Checking defaults for T1/cmr/m/n on input line 192.
LaTeX Font Info:    ... okay on input line 192.
LaTeX Font Info:    Checking defaults for TS1/cmr/m/n on input line 192.
LaTeX Font Info:    ... okay on input line 192.
LaTeX Font Info:    Checking defaults for OMX/cmex/m/n on input line 192.
LaTeX Font Info:    ... okay on input line 192.
LaTeX Font Info:    Checking defaults for U/cmr/m/n on input line 192.
LaTeX Font Info:    ... okay on input line 192.
LaTeX Font Info:    Checking defaults for PD1/pdf/m/n on input line 192.
LaTeX Font Info:    ... okay on input line 192.
LaTeX Font Info:    Checking defaults for FML/futm/m/it on input line 192.
LaTeX Font Info:    Trying to load font information for FML+futm on input line 
192.

(c:/Users/lfpdr/AppData/Roaming/TinyTeX/texmf-dist/tex/latex/fourier/fmlfutm.fd
File: fmlfutm.fd 2004/10/30 Fontinst v1.926 font definitions for FML/futm.
)
LaTeX Font Info:    ... okay on input line 192.
LaTeX Font Info:    Checking defaults for FMS/futm/m/n on input line 192.
LaTeX Font Info:    Trying to load font information for FMS+futm on input line 
192.

(c:/Users/lfpdr/AppData/Roaming/TinyTeX/texmf-dist/tex/latex/fourier/fmsfutm.fd
File: fmsfutm.fd 2004/10/30 Fontinst v1.926 font definitions for FMS/futm.
)
LaTeX Font Info:    ... okay on input line 192.
LaTeX Font Info:    Checking defaults for FMX/futm/m/n on input line 192.
LaTeX Font Info:    Trying to load font information for FMX+futm on input line 
192.

(c:/Users/lfpdr/AppData/Roaming/TinyTeX/texmf-dist/tex/latex/fourier/fmxfutm.fd
File: fmxfutm.fd futm-extension
)
LaTeX Font Info:    ... okay on input line 192.
LaTeX Font Info:    Trying to load font information for T1+phv on input line 19
2.
(c:/Users/lfpdr/AppData/Roaming/TinyTeX/texmf-dist/tex/latex/psnfss/t1phv.fd
File: t1phv.fd 2020/03/25 scalable font definitions for T1/phv.
)
\AtBeginShipoutBox=\box63
Package hyperref Info: Link coloring ON on input line 192.

(c:/Users/lfpdr/AppData/Roaming/TinyTeX/texmf-dist/tex/latex/hyperref/nameref.s
ty
Package: nameref 2019/09/16 v2.46 Cross-referencing by name of section

(c:/Users/lfpdr/AppData/Roaming/TinyTeX/texmf-dist/tex/latex/refcount/refcount.
sty
Package: refcount 2019/12/15 v3.6 Data extraction from label references (HO)
)
(c:/Users/lfpdr/AppData/Roaming/TinyTeX/texmf-dist/tex/generic/gettitlestring/g
ettitlestring.sty
Package: gettitlestring 2019/12/15 v1.6 Cleanup title references (HO)
)
\c@section@level=\count509
)
Redoing nameref's sectioning
Redoing nameref's label
LaTeX Info: Redefining \nameref on input line 192.
LaTeX Info: Redefining \ref on input line 192.
LaTeX Info: Redefining \pageref on input line 192.
LaTeX Info: Redefining \nameref on input line 192.
\myptabbox=\box64
\myptabboxwidth=\skip312

(c:/Users/lfpdr/AppData/Roaming/TinyTeX/texmf-dist/tex/latex/epstopdf-pkg/epsto
pdf-base.sty
Package: epstopdf-base 2020-01-24 v2.11 Base part for package epstopdf
Package epstopdf-base Info: Redefining graphics rule for `.eps' on input line 4
85.

(c:/Users/lfpdr/AppData/Roaming/TinyTeX/texmf-dist/tex/latex/latexconfig/epstop
df-sys.cfg
File: epstopdf-sys.cfg 2010/07/13 v1.3 Configuration of (r)epstopdf for TeX Liv
e
))
LaTeX Info: Redefining \microtypecontext on input line 192.
Package microtype Info: Generating PDF output.
Package microtype Info: Character protrusion enabled (level 2),
(microtype)             factor: 1100.
Package microtype Info: Using default protrusion set `alltext'.
Package microtype Info: Automatic font expansion enabled (level 2),
(microtype)             stretch: 10, shrink: 10, step: 1, non-selected.
Package microtype Info: Using default expansion set `basictext'.
LaTeX Info: Redefining \showhyphens on input line 192.
Package microtype Info: No adjustment of tracking.
Package microtype Info: No adjustment of interword spacing.
Package microtype Info: No adjustment of character kerning.
Package microtype Info: Loading generic protrusion settings for font family
(microtype)             `phv' (encoding: T1).
(microtype)             For optimal results, create family-specific settings.
(microtype)             See the microtype manual for details.

(c:/Users/lfpdr/AppData/Roaming/TinyTeX/texmf-dist/tex/latex/pdflscape/pdflscap
e.sty
Package: pdflscape 2019/12/05 v0.12 Display of landscape pages in PDF (HO)

(c:/Users/lfpdr/AppData/Roaming/TinyTeX/texmf-dist/tex/latex/graphics/lscape.st
y
Package: lscape 2000/10/22 v3.01 Landscape Pages (DPC)
)
Package pdflscape Info: Auto-detected driver: pdftex on input line 81.
)
Package mathastext Info: current meaning of amsmath \resetMathstrut@ saved on i
nput line 192.
Package biblatex Info: Trying to load language 'brazil' -> 'brazil-abnt'...
Package biblatex Info: ... file 'brazil-abnt.lbx' found.

(c:/Users/lfpdr/AppData/Roaming/TinyTeX/texmf-dist/tex/latex/biblatex-abnt/braz
il-abnt.lbx
File: brazil-abnt.lbx 2018-11-17 v3.4 ABNT BibLaTeX citation style

Package biblatex Warning: File 'brazilian-abnt-abnt.lbx' not found!
(biblatex)                Ignoring mapping 'brazilian-abnt' -> 'brazilian-abnt-
abnt'.

Package biblatex Info: Trying to load language 'brazilian-abnt'...
Package biblatex Info: ... file 'brazilian-abnt.lbx' found.

(c:/Users/lfpdr/AppData/Roaming/TinyTeX/texmf-dist/tex/latex/biblatex-abnt/braz
ilian-abnt.lbx
File: brazilian-abnt.lbx 2018-11-17 v3.4 ABNT BibLaTeX citation style
Package biblatex Info: Trying to load language 'brazilian' -> 'brazilian-abnt'.
..
Package biblatex Info: ... file 'brazilian-abnt.lbx' found.

(c:/Users/lfpdr/AppData/Roaming/TinyTeX/texmf-dist/tex/latex/biblatex-abnt/braz
ilian-abnt.lbx
File: brazilian-abnt.lbx 2018-11-17 v3.4 ABNT BibLaTeX citation style
Package biblatex Info: Trying to load language 'brazilian'...
Package biblatex Info: ... file 'brazilian.lbx' found.

(c:/Users/lfpdr/AppData/Roaming/TinyTeX/texmf-dist/tex/latex/biblatex/lbx/brazi
lian.lbx
File: brazilian.lbx 2019/12/01 v3.14 biblatex localization (PK/MW)
)))
Package biblatex Info: Trying to load language 'brazilian-abnt'...
Package biblatex Info: ... file 'brazilian-abnt.lbx' found.

(c:/Users/lfpdr/AppData/Roaming/TinyTeX/texmf-dist/tex/latex/biblatex-abnt/braz
ilian-abnt.lbx
File: brazilian-abnt.lbx 2018-11-17 v3.4 ABNT BibLaTeX citation style
Package biblatex Info: Trying to load language 'brazilian' -> 'brazilian-abnt'.
..
Package biblatex Info: ... file 'brazilian-abnt.lbx' found.

(c:/Users/lfpdr/AppData/Roaming/TinyTeX/texmf-dist/tex/latex/biblatex-abnt/braz
ilian-abnt.lbx
File: brazilian-abnt.lbx 2018-11-17 v3.4 ABNT BibLaTeX citation style
Package biblatex Info: Trying to load language 'brazilian'...
Package biblatex Info: ... file 'brazilian.lbx' found.

(c:/Users/lfpdr/AppData/Roaming/TinyTeX/texmf-dist/tex/latex/biblatex/lbx/brazi
lian.lbx
File: brazilian.lbx 2019/12/01 v3.14 biblatex localization (PK/MW)
)
Package biblatex Info: Trying to load language 'brazil'...
Package biblatex Info: ... file 'brazil.lbx' found.

(c:/Users/lfpdr/AppData/Roaming/TinyTeX/texmf-dist/tex/latex/biblatex/lbx/brazi
l.lbx
File: brazil.lbx 2019/12/01 v3.14 biblatex localization (PK/MW)
Package biblatex Info: Trying to load language 'brazilian'...
Package biblatex Info: ... file 'brazilian.lbx' found.

(c:/Users/lfpdr/AppData/Roaming/TinyTeX/texmf-dist/tex/latex/biblatex/lbx/brazi
lian.lbx
File: brazilian.lbx 2019/12/01 v3.14 biblatex localization (PK/MW)
)))
Package biblatex Info: Trying to load language 'brazil'...
Package biblatex Info: ... file 'brazil.lbx' found.

(c:/Users/lfpdr/AppData/Roaming/TinyTeX/texmf-dist/tex/latex/biblatex/lbx/brazi
l.lbx
File: brazil.lbx 2019/12/01 v3.14 biblatex localization (PK/MW)
Package biblatex Info: Trying to load language 'brazilian' -> 'brazilian-abnt'.
..
Package biblatex Info: ... file 'brazilian-abnt.lbx' found.

(c:/Users/lfpdr/AppData/Roaming/TinyTeX/texmf-dist/tex/latex/biblatex-abnt/braz
ilian-abnt.lbx
File: brazilian-abnt.lbx 2018-11-17 v3.4 ABNT BibLaTeX citation style
Package biblatex Info: Trying to load language 'brazilian'...
Package biblatex Info: ... file 'brazilian.lbx' found.

(c:/Users/lfpdr/AppData/Roaming/TinyTeX/texmf-dist/tex/latex/biblatex/lbx/brazi
lian.lbx
File: brazilian.lbx 2019/12/01 v3.14 biblatex localization (PK/MW)
)
Package biblatex Info: Trying to load language 'brazil'...
Package biblatex Info: ... file 'brazil.lbx' found.

(c:/Users/lfpdr/AppData/Roaming/TinyTeX/texmf-dist/tex/latex/biblatex/lbx/brazi
l.lbx
File: brazil.lbx 2019/12/01 v3.14 biblatex localization (PK/MW)
Package biblatex Info: Trying to load language 'brazilian'...
Package biblatex Info: ... file 'brazilian.lbx' found.

(c:/Users/lfpdr/AppData/Roaming/TinyTeX/texmf-dist/tex/latex/biblatex/lbx/brazi
lian.lbx
File: brazilian.lbx 2019/12/01 v3.14 biblatex localization (PK/MW)
))))))
Package biblatex Info: Input encoding 'utf8' detected.
Package biblatex Info: Automatic encoding selection.
(biblatex)             Assuming data encoding 'utf8'.
\openout4 = `thesis.bcf'.

Package biblatex Info: Trying to load bibliographic data...
Package biblatex Info: ... file 'thesis.bbl' found.
(./thesis.bbl

Package biblatex Warning: Biber reported the following issues
(biblatex)                with 'Bresser-Pereira1973':
(biblatex)                - Entry 'Bresser-Pereira1973' (bib/cap3.bib): Invalid
 format '28 mai. 2017' of date field 'urldate' - ignoring.


Package biblatex Warning: Biber reported the following issues
(biblatex)                with 'economist':
(biblatex)                - Entry 'economist' (bib/cap3.bib): Invalid format '0
4 mai. 2020' of date field 'urldate' - ignoring.


Package biblatex Warning: Biber reported the following issues
(biblatex)                with 'fmitwa':
(biblatex)                - Entry 'fmitwa' (bib/cap3.bib): Invalid format '28 m
ar. 2020' of date field 'urldate' - ignoring.


Package biblatex Warning: Biber reported the following issues
(biblatex)                with 'krugman2020':
(biblatex)                - Entry 'krugman2020' (bib/cap3.bib): Invalid format 
'27 mar. 2020' of date field 'urldate' - ignoring.


Package biblatex Warning: Biber reported the following issues
(biblatex)                with 'pereira':
(biblatex)                - Entry 'pereira' (bib/cap3.bib): Invalid format '27 
mai. 2017' of date field 'urldate' - ignoring.


Package biblatex Warning: Biber reported the following issues
(biblatex)                with 'serapicos':
(biblatex)                - Entry 'serapicos' (bib/cap2.bib): Invalid format '0
7 mar. 2020' of date field 'urldate' - ignoring.


Package biblatex Warning: Biber reported the following issues
(biblatex)                with 'singer':
(biblatex)                - Entry 'singer' (bib/cap3.bib): Invalid format '12 a
br 2017' of date field 'urldate' - ignoring.


Package biblatex Warning: Biber reported the following issues
(biblatex)                with 'fmiera':
(biblatex)                - Entry 'fmiera' (bib/cap3.bib): Invalid format '28 m
ar. 2020' of date field 'urldate' - ignoring.


Package biblatex Warning: Biber reported the following issues
(biblatex)                with 'fmiem':
(biblatex)                - Entry 'fmiem' (bib/cap3.bib): Invalid format '28 ma
r. 2020' of date field 'urldate' - ignoring.


Package biblatex Warning: The following entry could not be found
(biblatex)                in the database:
(biblatex)                passosnogami
(biblatex)                Please verify the spelling and rerun
(biblatex)                LaTeX afterwards.


Package biblatex Warning: The following entry could not be found
(biblatex)                in the database:
(biblatex)                zizek
(biblatex)                Please verify the spelling and rerun
(biblatex)                LaTeX afterwards.

)
LaTeX Info: Redefining \firstsecond on input line 192.
Package biblatex Info: Reference section=0 on input line 192.
Package biblatex Info: Reference segment=0 on input line 192.
Package caption Info: Begin \AtBeginDocument code.
Package caption Info: End \AtBeginDocument code.

(c:/Users/lfpdr/AppData/Roaming/TinyTeX/texmf-dist/tex/latex/floatrow/fr-longta
ble.sty
Package: fr-longtable 2007/11/28 v0.1b (beta) floatrow: additions for longtable

\flrow@LT@lasthead=\box65
\flrow@LT@prelastfoot=\box66
\c@FBLTpage=\count510
)

pdfTeX warning: pdflatex.exe (file ./setup/vertical_sigla_fundo_claro.pdf): PDF
 inclusion: found PDF version <1.7>, but at most version <1.5> allowed
<setup/vertical_sigla_fundo_claro.pdf, id=4, 327.2225pt x 449.68pt>
File: setup/vertical_sigla_fundo_claro.pdf Graphic file (type pdf)
<use setup/vertical_sigla_fundo_claro.pdf>
Package pdftex.def Info: setup/vertical_sigla_fundo_claro.pdf  used on input li
ne 218.
(pdftex.def)             Requested size: 52.35297pt x 71.9434pt.
[1





{c:/Users/lfpdr/AppData/Roaming/TinyTeX/texmf-var/fonts/map/pdftex/updmap/pdfte
x.map} <./setup/vertical_sigla_fundo_claro.pdf>]
Overfull \hbox (16.0585pt too wide) in paragraph at lines 227--227
[]\T1/phv/m/n/10 (-10) Dissertao sub-me-tida ao Pro-grama de Ps-Graduao
 []


Overfull \hbox (22.67914pt too wide) in paragraph at lines 227--227
\T1/phv/m/n/10 (-10) em En-ge-nha-ria de Trans-por-tes e Ges-to Ter-ri-to-rial
 da Uni-
 []


Underfull \hbox (badness 10000) in paragraph at lines 227--227

 []

pdfTeX warning (ext4): destination with the same identifier (name{page.1}) has 
been already used, duplicate ignored
<to be read again> 
                   \relax 
l.227 
       [1



]
<Ficha_Catalografica.pdf, id=20, 597.55246pt x 845.19763pt>
File: Ficha_Catalografica.pdf Graphic file (type pdf)
<use Ficha_Catalografica.pdf>
Package pdftex.def Info: Ficha_Catalografica.pdf  used on input line 233.
(pdftex.def)             Requested size: 597.551pt x 845.19557pt.
File: Ficha_Catalografica.pdf Graphic file (type pdf)
<use Ficha_Catalografica.pdf>
Package pdftex.def Info: Ficha_Catalografica.pdf  used on input line 233.
(pdftex.def)             Requested size: 597.551pt x 845.19557pt.
<Ficha_Catalografica.pdf, id=23, page=1, 597.55246pt x 845.19763pt>
File: Ficha_Catalografica.pdf Graphic file (type pdf)
<use Ficha_Catalografica.pdf, page 1>
Package pdftex.def Info: Ficha_Catalografica.pdf , page1 used on input line 233
.
(pdftex.def)             Requested size: 597.551pt x 845.19557pt.
File: Ficha_Catalografica.pdf Graphic file (type pdf)
<use Ficha_Catalografica.pdf, page 1>
Package pdftex.def Info: Ficha_Catalografica.pdf , page1 used on input line 233
.
(pdftex.def)             Requested size: 597.57834pt x 845.23425pt.
File: Ficha_Catalografica.pdf Graphic file (type pdf)
<use Ficha_Catalografica.pdf, page 1>
Package pdftex.def Info: Ficha_Catalografica.pdf , page1 used on input line 233
.
(pdftex.def)             Requested size: 597.57834pt x 845.23425pt.
File: Ficha_Catalografica.pdf Graphic file (type pdf)
<use Ficha_Catalografica.pdf, page 1>
Package pdftex.def Info: Ficha_Catalografica.pdf , page1 used on input line 233
.
(pdftex.def)             Requested size: 597.57834pt x 845.23425pt.
File: Ficha_Catalografica.pdf Graphic file (type pdf)
<use Ficha_Catalografica.pdf, page 1>
Package pdftex.def Info: Ficha_Catalografica.pdf , page1 used on input line 233
.
(pdftex.def)             Requested size: 597.57834pt x 845.23425pt.
[2 <./Ficha_Catalografica.pdf>]
Underfull \hbox (badness 10000) in paragraph at lines 262--263

 []

Package microtype Info: Loading generic protrusion settings for font family
(microtype)             `futs' (encoding: T1).
(microtype)             For optimal results, create family-specific settings.
(microtype)             See the microtype manual for details.
LaTeX Font Info:    Trying to load font information for FML+futmi on input line
 263.

(c:/Users/lfpdr/AppData/Roaming/TinyTeX/texmf-dist/tex/latex/fourier/fmlfutmi.f
d
File: fmlfutmi.fd 2004/10/30 Fontinst v1.926 font definitions for FML/futmi.
)
LaTeX Font Info:    Trying to load font information for OMX+helvet on input lin
e 263.
LaTeX Font Info:    No file OMXhelvet.fd. on input line 263.

LaTeX Font Warning: Font shape `OMX/helvet/m/n' undefined
(Font)              using `OMX/cmex/m/n' instead on input line 263.

LaTeX Font Info:    Font shape `U/futm/m/n' will be
(Font)              scaled to size 11.03998pt on input line 263.
LaTeX Font Info:    Font shape `U/futm/m/n' will be
(Font)              scaled to size 9.19998pt on input line 263.
LaTeX Font Info:    Font shape `U/futm/m/n' will be
(Font)              scaled to size 6.43999pt on input line 263.
LaTeX Font Info:    Font shape `T1/phv/m/it' in size <12> not available
(Font)              Font shape `T1/phv/m/sl' tried instead on input line 263.
LaTeX Font Info:    Font shape `T1/phv/m/it' in size <10> not available
(Font)              Font shape `T1/phv/m/sl' tried instead on input line 263.
LaTeX Font Info:    Font shape `T1/phv/m/it' in size <7> not available
(Font)              Font shape `T1/phv/m/sl' tried instead on input line 263.
[3

] [4

]
LaTeX Font Info:    Font shape `T1/phv/bx/n' in size <12> not available
(Font)              Font shape `T1/phv/b/n' tried instead on input line 296.
[5


] [6

]
LaTeX Font Info:    Trying to load font information for TS1+phv on input line 3
25.
(c:/Users/lfpdr/AppData/Roaming/TinyTeX/texmf-dist/tex/latex/psnfss/ts1phv.fd
File: ts1phv.fd 2020/03/25 scalable font definitions for TS1/phv.
)
Package microtype Info: Loading generic protrusion settings for font family
(microtype)             `phv' (encoding: TS1).
(microtype)             For optimal results, create family-specific settings.
(microtype)             See the microtype manual for details.
[7

]
(c:/Users/lfpdr/AppData/Roaming/TinyTeX/texmf-dist/tex/generic/babel/locale/en/
babel-english.tex
Package babel Info: Importing basic data for english
(babel)             from babel-en.ini. Reported on input line 11.
) [8

] (./thesis.lof) [9

] (./thesis.loq) [10

] (./thesis.lot) [11

]
Using TeX to sort glossary entries---this may take a while
[12



]pdfTeX warning (ext4): destination with the same identifier (name{table.0.0}) 
has been already used, duplicate ignored
<to be read again> 
                   \relax 
l.398 	\imprimirlistadesimbolos
                               
Overfull \hbox (5.20578pt too wide) in alignment at lines 398--398
[] [] 
 []

[13



] (./thesis.toc [14

] [15]) [16] [17


] [18] [19

] [20

]
<images/pop-urb-mundo-1.png, id=427, 469.755pt x 325.215pt>
File: images/pop-urb-mundo-1.png Graphic file (type png)
<use images/pop-urb-mundo-1.png>
Package pdftex.def Info: images/pop-urb-mundo-1.png  used on input line 629.
(pdftex.def)             Requested size: 364.00139pt x 251.99931pt.
[21]
<images/pop-urb-continents-1.png, id=436, 469.755pt x 325.215pt>
File: images/pop-urb-continents-1.png Graphic file (type png)
<use images/pop-urb-continents-1.png>
Package pdftex.def Info: images/pop-urb-continents-1.png  used on input line 64
7.
(pdftex.def)             Requested size: 364.00139pt x 251.99931pt.
[22 <./images/pop-urb-mundo-1.png> <./images/pop-urb-continents-1.png>]
<images/pop-urb-brazil-latinAmerica-1.png, id=447, 469.755pt x 325.215pt>
File: images/pop-urb-brazil-latinAmerica-1.png Graphic file (type png)
<use images/pop-urb-brazil-latinAmerica-1.png>
Package pdftex.def Info: images/pop-urb-brazil-latinAmerica-1.png  used on inpu
t line 663.
(pdftex.def)             Requested size: 364.00139pt x 251.99931pt.
<images/pop-urb-brazil-developed-1.png, id=451, 469.755pt x 325.215pt>
File: images/pop-urb-brazil-developed-1.png Graphic file (type png)
<use images/pop-urb-brazil-developed-1.png>
Package pdftex.def Info: images/pop-urb-brazil-developed-1.png  used on input l
ine 688.
(pdftex.def)             Requested size: 364.00139pt x 251.99931pt.
[23 <./images/pop-urb-brazil-latinAmerica-1.png>]
<images/pop-urb-brazil-brics-1.png, id=460, 469.755pt x 325.215pt>
File: images/pop-urb-brazil-brics-1.png Graphic file (type png)
<use images/pop-urb-brazil-brics-1.png>
Package pdftex.def Info: images/pop-urb-brazil-brics-1.png  used on input line 
703.
(pdftex.def)             Requested size: 364.00139pt x 251.99931pt.
[24 <./images/pop-urb-brazil-developed-1.png> <./images/pop-urb-brazil-brics-1.
png>] [25] [26] [27] [28] [29] [30]
LaTeX Font Info:    Font shape `U/futm/m/n' will be
(Font)              scaled to size 6.99199pt on input line 1043.
LaTeX Font Info:    Font shape `U/futm/m/n' will be
(Font)              scaled to size 5.51999pt on input line 1043.
LaTeX Font Info:    Font shape `T1/phv/m/it' in size <7.6> not available
(Font)              Font shape `T1/phv/m/sl' tried instead on input line 1043.
LaTeX Font Info:    Font shape `T1/phv/m/it' in size <6> not available
(Font)              Font shape `T1/phv/m/sl' tried instead on input line 1043.
[31] [32] [33]
<./images/adams2_crop.pdf, id=605, 520.94624pt x 436.63126pt>
File: ./images/adams2_crop.pdf Graphic file (type pdf)
<use ./images/adams2_crop.pdf>
Package pdftex.def Info: ./images/adams2_crop.pdf  used on input line 1191.
(pdftex.def)             Requested size: 455.0pt x 381.3585pt.
[34 <./images/adams2_crop.pdf>] [35] [36] [37

] [38

] [39] [40]
<./images/adams_crop.pdf, id=744, 497.86pt x 695.59875pt>
File: ./images/adams_crop.pdf Graphic file (type pdf)
<use ./images/adams_crop.pdf>
Package pdftex.def Info: ./images/adams_crop.pdf  used on input line 1475.
(pdftex.def)             Requested size: 455.0pt x 635.73427pt.
[41] [42 <./images/adams_crop.pdf>]
<images/nhpi-1.png, id=776, 469.755pt x 325.215pt>
File: images/nhpi-1.png Graphic file (type png)
<use images/nhpi-1.png>
Package pdftex.def Info: images/nhpi-1.png  used on input line 1507.
(pdftex.def)             Requested size: 318.49861pt x 220.49815pt.
<images/rhpi-1.png, id=780, 469.755pt x 325.215pt>
File: images/rhpi-1.png Graphic file (type png)
<use images/rhpi-1.png>
Package pdftex.def Info: images/rhpi-1.png  used on input line 1531.
(pdftex.def)             Requested size: 318.49861pt x 220.49815pt.
[43 <./images/nhpi-1.png>]
<images/rhpi2-1.png, id=792, 469.755pt x 325.215pt>
File: images/rhpi2-1.png Graphic file (type png)
<use images/rhpi2-1.png>
Package pdftex.def Info: images/rhpi2-1.png  used on input line 1557.
(pdftex.def)             Requested size: 318.49861pt x 220.49815pt.
[44 <./images/rhpi-1.png>]
<images/global-rhpi-1.png, id=804, 469.755pt x 325.215pt>
File: images/global-rhpi-1.png Graphic file (type png)
<use images/global-rhpi-1.png>
Package pdftex.def Info: images/global-rhpi-1.png  used on input line 1592.
(pdftex.def)             Requested size: 318.49861pt x 220.49815pt.
[45 <./images/rhpi2-1.png>] [46 <./images/global-rhpi-1.png>]
<images/yields-1.png, id=833, 469.755pt x 325.215pt>
File: images/yields-1.png Graphic file (type png)
<use images/yields-1.png>
Package pdftex.def Info: images/yields-1.png  used on input line 1659.
(pdftex.def)             Requested size: 318.49861pt x 220.49815pt.
<images/yields2-1.png, id=836, 469.755pt x 325.215pt>
File: images/yields2-1.png Graphic file (type png)
<use images/yields2-1.png>
Package pdftex.def Info: images/yields2-1.png  used on input line 1675.
(pdftex.def)             Requested size: 318.49861pt x 220.49815pt.
[47 <./images/yields-1.png>]
<images/fred-1.png, id=850, 469.755pt x 325.215pt>
File: images/fred-1.png Graphic file (type png)
<use images/fred-1.png>
Package pdftex.def Info: images/fred-1.png  used on input line 1711.
(pdftex.def)             Requested size: 455.0pt x 315.00163pt.
[48 <./images/yields2-1.png>] [49 <./images/fred-1.png>] [50] [51] [52]
<images/valores-juros-1.png, id=913, 469.755pt x 325.215pt>
File: images/valores-juros-1.png Graphic file (type png)
<use images/valores-juros-1.png>
Package pdftex.def Info: images/valores-juros-1.png  used on input line 1927.
(pdftex.def)             Requested size: 318.49861pt x 220.49815pt.
[53] [54 <./images/valores-juros-1.png>] [55] [56] [57] [58

] [59]
LaTeX Font Info:    Font shape `T1/phv/b/it' in size <12> not available
(Font)              Font shape `T1/phv/b/sl' tried instead on input line 2197.

Overfull \hbox (2.22668pt too wide) in paragraph at lines 2209--2209
 []|\T1/phv/m/n/12 (-10) R$52,06|
 []


Overfull \hbox (2.22668pt too wide) in paragraph at lines 2210--2210
 []|\T1/phv/m/n/12 (-10) R$34,55|
 []


Overfull \hbox (2.22668pt too wide) in paragraph at lines 2211--2211
 []|\T1/phv/m/n/12 (-10) R$33,70|
 []


Overfull \hbox (2.22668pt too wide) in paragraph at lines 2212--2212
 []|\T1/phv/m/n/12 (-10) R$38,84|
 []


Overfull \hbox (2.22668pt too wide) in paragraph at lines 2213--2213
 []|\T1/phv/m/n/12 (-10) R$40,74|
 []


Overfull \hbox (2.22668pt too wide) in paragraph at lines 2214--2214
 []|\T1/phv/m/n/12 (-10) R$43,05|
 []


Overfull \hbox (2.22668pt too wide) in paragraph at lines 2217--2217
 []|\T1/phv/m/n/12 (-10) R$34,39|
 []


Overfull \hbox (2.22668pt too wide) in paragraph at lines 2218--2218
 []|\T1/phv/m/n/12 (-10) R$33,10|
 []


Overfull \hbox (2.22668pt too wide) in paragraph at lines 2219--2219
 []|\T1/phv/m/n/12 (-10) R$34,70|
 []


Overfull \hbox (8.83188pt too wide) in paragraph at lines 2222--2222
 []|\T1/phv/m/n/12 (-10) R$105,57|
 []

[60]
<images/valores-juros-rec-1.png, id=998, 469.755pt x 325.215pt>
File: images/valores-juros-rec-1.png Graphic file (type png)
<use images/valores-juros-rec-1.png>
Package pdftex.def Info: images/valores-juros-rec-1.png  used on input line 227
8.
(pdftex.def)             Requested size: 318.49861pt x 220.49815pt.
[61]
<images/valores-juros-log-1.png, id=1006, 469.755pt x 325.215pt>
File: images/valores-juros-log-1.png Graphic file (type png)
<use images/valores-juros-log-1.png>
Package pdftex.def Info: images/valores-juros-log-1.png  used on input line 228
9.
(pdftex.def)             Requested size: 318.49861pt x 220.49815pt.
[62 <./images/valores-juros-rec-1.png> <./images/valores-juros-log-1.png>]
LaTeX Font Info:    Trying to load font information for T1+cmtt on input line 2
306.
(c:/Users/lfpdr/AppData/Roaming/TinyTeX/texmf-dist/tex/latex/base/t1cmtt.fd
File: t1cmtt.fd 2019/12/16 v2.5j Standard LaTeX font definitions
)
Package microtype Info: Loading generic protrusion settings for font family
(microtype)             `cmtt' (encoding: T1).
(microtype)             For optimal results, create family-specific settings.
(microtype)             See the microtype manual for details.
[63

] [64] [65

] [66

] [67

]

Package biblatex Warning: Month out of range or not an integer
(biblatex)                at entry 'california' on input line 2398.


Package biblatex Warning: Month out of range
(biblatex)                at entry 'fredgs10' on input line 2398.


Package biblatex Warning: Month out of range
(biblatex)                at entry 'fredgs20' on input line 2398.

[68

]

Package biblatex Warning: Month out of range
(biblatex)                at entry 'fredgs30' on input line 2398.


Package biblatex Warning: Month out of range
(biblatex)                at entry 'economist' on input line 2398.


Package biblatex Warning: Month out of range or not an integer
(biblatex)                at entry 'copulas' on input line 2398.


Package biblatex Warning: Month out of range or not an integer
(biblatex)                at entry 'londres' on input line 2398.

[69]

Package biblatex Warning: Month out of range or not an integer
(biblatex)                at entry 'berlim' on input line 2398.

[70] [71]

Package biblatex Warning: Month out of range or not an integer
(biblatex)                at entry 'suecia' on input line 2398.

[72]
<images/Page-4-Image-1.png, id=1138, 684.30656pt x 325.96782pt>
File: images/Page-4-Image-1.png Graphic file (type png)
<use images/Page-4-Image-1.png>
Package pdftex.def Info: images/Page-4-Image-1.png  used on input line 2433.
(pdftex.def)             Requested size: 364.00139pt x 173.39378pt.
[73

 <./images/Page-4-Image-1.png>]

LaTeX Warning: Command \textquoteright invalid in math mode on input line 2471.



LaTeX Warning: Command \textquoteright invalid in math mode on input line 2476.


<images/Page-8-Image-3.png, id=1156, 1023.825pt x 338.76563pt>
File: images/Page-8-Image-3.png Graphic file (type png)
<use images/Page-8-Image-3.png>
Package pdftex.def Info: images/Page-8-Image-3.png  used on input line 2479.
(pdftex.def)             Requested size: 364.00139pt x 120.44096pt.
<images/Page-8-Image-4.png, id=1157, 1023.825pt x 338.76563pt>
File: images/Page-8-Image-4.png Graphic file (type png)
<use images/Page-8-Image-4.png>
Package pdftex.def Info: images/Page-8-Image-4.png  used on input line 2480.
(pdftex.def)             Requested size: 364.00139pt x 120.44096pt.
[74 <./images/Page-8-Image-3.png> <./images/Page-8-Image-4.png>] [75] [76

]
\tf@lof=\write6
\openout6 = `thesis.lof'.

\tf@loq=\write7
\openout7 = `thesis.loq'.

\tf@lot=\write8
\openout8 = `thesis.lot'.

\tf@toc=\write9
\openout9 = `thesis.toc'.

Package atveryend Info: Empty hook `BeforeClearDocument' on input line 2524.
Package atveryend Info: Empty hook `AfterLastShipout' on input line 2524.
(./thesis.aux)
Package atveryend Info: Executing hook `AtVeryEndDocument' on input line 2524.
Package atveryend Info: Empty hook `AtEndAfterFileList' on input line 2524.

LaTeX Font Warning: Some font shapes were not available, defaults substituted.

Package logreq Info: Writing requests to 'thesis.run.xml'.
\openout1 = `thesis.run.xml'.

Package atveryend Info: Empty hook `AtVeryVeryEnd' on input line 2524.
 ) 
Here is how much of TeX's memory you used:
 31728 strings out of 482512
 555025 string characters out of 5948388
 1383046 words of memory out of 5000000
 46296 multiletter control sequences out of 15000+600000
 615230 words of font info for 211 fonts, out of 8000000 for 9000
 16 hyphenation exceptions out of 8191
 77i,18n,117p,1151b,4150s stack positions out of 5000i,500n,10000p,200000b,80000s
 <c:/Users/lfpdr/AppData/Roaming/TinyTeX/texmf-var/fonts/pk/ljfour/jknappen/e
c/ectt1200.600pk>{c:/Users/lfpdr/AppData/Roaming/TinyTeX/texmf-dist/fonts/enc/d
vips/base/8r.enc}<c:/Users/lfpdr/AppData/Roaming/TinyTeX/texmf-dist/fonts/type1
/public/amsfonts/cm/cmex10.pfb><c:/Users/lfpdr/AppData/Roaming/TinyTeX/texmf-di
st/fonts/type1/public/fourier/fourier-mlit.pfb><c:/Users/lfpdr/AppData/Roaming/
TinyTeX/texmf-dist/fonts/type1/public/fourier/fourier-ms.pfb><c:/Users/lfpdr/Ap
pData/Roaming/TinyTeX/texmf-dist/fonts/type1/urw/helvetic/uhvb8a.pfb><c:/Users/
lfpdr/AppData/Roaming/TinyTeX/texmf-dist/fonts/type1/urw/helvetic/uhvbo8a.pfb><
c:/Users/lfpdr/AppData/Roaming/TinyTeX/texmf-dist/fonts/type1/urw/helvetic/uhvr
8a.pfb><c:/Users/lfpdr/AppData/Roaming/TinyTeX/texmf-dist/fonts/type1/urw/helve
tic/uhvro8a.pfb>
Output written on thesis.pdf (77 pages, 1670491 bytes).
PDF statistics:
 1629 PDF objects out of 1728 (max. 8388607)
 1414 compressed objects within 15 object streams
 358 named destinations out of 1000 (max. 500000)
 25438 words of extra memory for PDF output out of 29859 (max. 10000000)

